2025-09-20 15:34:45,285 - __main__ - INFO - ÒÑ¼ÓÔØ 0 ¸öÓÃ»§»á»°
2025-09-20 15:34:45,351 - __main__ - ERROR - ¼ÓÔØÇéĞ÷Ê§°Ü: __main__.EmotionState() argument after ** must be a mapping, not float
2025-09-20 15:34:45,354 - __main__ - INFO - ÇéĞ÷¹ÜÀíÆ÷ÒÑ³õÊ¼»¯
2025-09-20 15:34:45,396 - __main__ - ERROR - ¼ÓÔØ¼ÇÒäÊ§°Ü: __main__.Memory() argument after ** must be a mapping, not str
2025-09-20 15:34:45,400 - __main__ - INFO - ÒÑ¼ÓÔØ 0 Ìõ¼ÇÒä
2025-09-20 15:35:32,586 - __main__ - INFO - ÒÑ¼ÓÔØ 0 ¸öÓÃ»§»á»°
2025-09-20 15:35:32,595 - __main__ - ERROR - ¼ÓÔØÇéĞ÷Ê§°Ü: __main__.EmotionState() argument after ** must be a mapping, not float
2025-09-20 15:35:32,599 - __main__ - INFO - ÇéĞ÷¹ÜÀíÆ÷ÒÑ³õÊ¼»¯
2025-09-20 15:35:32,603 - __main__ - ERROR - ¼ÓÔØ¼ÇÒäÊ§°Ü: __main__.Memory() argument after ** must be a mapping, not str
2025-09-20 15:35:32,608 - __main__ - INFO - ÒÑ¼ÓÔØ 0 Ìõ¼ÇÒä
2025-09-20 15:41:15,878 - __main__ - INFO - ÒÑ¼ÓÔØ 0 ¸öÓÃ»§»á»°
2025-09-20 15:41:15,894 - __main__ - ERROR - ¼ÓÔØÇéĞ÷Ê§°Ü: __main__.EmotionState() argument after ** must be a mapping, not float
2025-09-20 15:41:15,898 - __main__ - INFO - ÇéĞ÷¹ÜÀíÆ÷ÒÑ³õÊ¼»¯
2025-09-20 15:41:15,918 - __main__ - ERROR - ¼ÓÔØ¼ÇÒäÊ§°Ü: __main__.Memory() argument after ** must be a mapping, not str
2025-09-20 15:41:15,924 - __main__ - INFO - ÒÑ¼ÓÔØ 0 Ìõ¼ÇÒä
2025-09-20 15:43:36,315 - __main__ - INFO - ÒÑ¼ÓÔØ 0 ¸öÓÃ»§»á»°
2025-09-20 15:43:36,320 - __main__ - ERROR - ¼ÓÔØÇéĞ÷Ê§°Ü: __main__.EmotionState() argument after ** must be a mapping, not float
2025-09-20 15:43:36,326 - __main__ - INFO - ÇéĞ÷¹ÜÀíÆ÷ÒÑ³õÊ¼»¯
2025-09-20 15:43:36,330 - __main__ - ERROR - ¼ÓÔØ¼ÇÒäÊ§°Ü: __main__.Memory() argument after ** must be a mapping, not str
2025-09-20 15:43:36,333 - __main__ - INFO - ÒÑ¼ÓÔØ 0 Ìõ¼ÇÒä
2025-09-20 15:44:25,812 - __main__ - INFO - ÒÑ¼ÓÔØ 0 ¸öÓÃ»§»á»°
2025-09-20 15:44:25,880 - __main__ - INFO - ÇéĞ÷¹ÜÀíÆ÷ÒÑ³õÊ¼»¯
2025-09-20 15:44:25,885 - __main__ - INFO - ÒÑ¼ÓÔØ 0 Ìõ¼ÇÒä
2025-09-20 15:44:48,163 - __main__ - INFO - ÒÑ¼ÓÔØ 0 ¸öÓÃ»§»á»°
2025-09-20 15:44:48,196 - __main__ - INFO - ÇéĞ÷¹ÜÀíÆ÷ÒÑ³õÊ¼»¯
2025-09-20 15:44:48,198 - __main__ - INFO - ÒÑ¼ÓÔØ 0 Ìõ¼ÇÒä
2025-09-20 15:44:48,424 - __main__ - INFO - ÏûÏ¢¶ÓÁĞ´¦ÀíÆ÷ÒÑÆô¶¯
2025-09-20 15:44:48,449 - __main__ - INFO - ÒâÊ¶Ñ­»·ÒÑÆô¶¯
2025-09-20 15:45:09,513 - __main__ - INFO - ÓÃ»§ 59462 ÉÏÏß (PC)
2025-09-20 15:45:28,083 - __main__ - INFO - ÓÃ»§ 40014 ÉÏÏß (PC)
2025-09-20 15:45:31,201 - __main__ - INFO - ´´½¨ĞÂÓÃ»§»á»°: Ó¡¶È¹²ºÍ¹ú (58130)
2025-09-20 15:45:33,221 - hypercorn.error - INFO - Running on http://0.0.0.0:8000 (CTRL + C to quit)
2025-09-20 15:45:37,617 - __main__ - INFO - ÇéĞ÷ÒÑ¸üĞÂ: ¸Ğ¾õÓĞµãºÃÆæ
2025-09-20 15:45:41,322 - __main__ - INFO - ×ö³ö¾ö²ß: ['no_reply']
2025-09-20 15:45:41,325 - __main__ - INFO - ¾ö¶¨²»»Ø¸´
2025-09-20 15:45:43,275 - __main__ - INFO - ÇéĞ÷ÒÑ¸üĞÂ: ¸Ğ¾õÓĞµãºÃÆæ
2025-09-20 15:45:46,108 - __main__ - INFO - ×ö³ö¾ö²ß: ['reply']
2025-09-20 15:45:50,499 - __main__ - INFO - ¹¤¾ß send_message Ö´ĞĞ³É¹¦
2025-09-20 15:45:53,331 - __main__ - INFO - ³É¹¦»Ø¸´ÏûÏ¢: {'success': False, 'error': "'>' not supported bet...
2025-09-20 15:45:53,349 - __main__ - INFO - ÎªÓÃ»§ 58130 Ìí¼Ó¼ÇÒä: ÓÃ»§Ëµ: ÎÒ»ØÀ´ÁË, ÎÒ»Ø¸´: {'success': False, 'error': "'>' n...
2025-09-20 15:45:56,707 - __main__ - INFO - ´´½¨ĞÂÓÃ»§»á»°: ÓÃ»§46014 (46014)
2025-09-20 15:45:58,764 - __main__ - INFO - ÇéĞ÷ÒÑ¸üĞÂ: ¸Ğ¾õÓĞµãºÃÆæ
2025-09-20 15:46:01,845 - __main__ - INFO - ×ö³ö¾ö²ß: ['no_reply']
2025-09-20 15:46:01,866 - __main__ - INFO - ¾ö¶¨²»»Ø¸´
2025-09-20 15:46:04,533 - __main__ - INFO - ÇéĞ÷ÒÑ¸üĞÂ: ¸Ğ¾õÓĞµãºÃÆæ
2025-09-20 15:46:06,937 - __main__ - INFO - ×ö³ö¾ö²ß: ['reply']
2025-09-20 15:46:12,322 - __main__ - INFO - ³É¹¦»Ø¸´ÏûÏ¢: No tool needed....
2025-09-20 15:46:12,378 - __main__ - INFO - ÎªÓÃ»§ 58130 Ìí¼Ó¼ÇÒä: ÓÃ»§Ëµ: £¿, ÎÒ»Ø¸´: No tool needed....
2025-09-20 15:46:14,383 - __main__ - INFO - ÇéĞ÷ÒÑ¸üĞÂ: ¸Ğ¾õÓĞµãÀ§»ó
2025-09-20 15:46:19,614 - __main__ - INFO - ×ö³ö¾ö²ß: ['reply']
2025-09-20 15:46:20,693 - __main__ - INFO - ÓÃ»§ 49634 ÀëÏß (PC)
2025-09-20 15:46:24,211 - __main__ - INFO - ÓÃ»§ 40014 ÀëÏß (PC)
2025-09-20 15:46:25,132 - __main__ - INFO - ¹¤¾ß send_message Ö´ĞĞ³É¹¦
2025-09-20 15:46:28,842 - __main__ - INFO - ³É¹¦»Ø¸´ÏûÏ¢: {'success': False, 'error': "'>' not supported bet...
2025-09-20 15:46:28,861 - __main__ - INFO - ÎªÓÃ»§ 58130 Ìí¼Ó¼ÇÒä: ÓÃ»§Ëµ: NbotÇ÷ÊÆÁË, ÎÒ»Ø¸´: {'success': False, 'error': "'>...
2025-09-20 15:46:30,849 - __main__ - INFO - ÇéĞ÷ÒÑ¸üĞÂ: ¸Ğ¾õÓĞµãºÃÆæ
2025-09-20 15:46:34,131 - __main__ - INFO - ×ö³ö¾ö²ß: ['reply']
2025-09-20 15:46:37,500 - __main__ - INFO - ¹¤¾ß send_message Ö´ĞĞ³É¹¦
2025-09-20 15:46:41,351 - __main__ - INFO - ³É¹¦»Ø¸´ÏûÏ¢: {'success': False, 'error': "'>' not supported bet...
2025-09-20 15:46:41,401 - __main__ - INFO - ÎªÓÃ»§ 58130 Ìí¼Ó¼ÇÒä: ÓÃ»§Ëµ: £¿ÈÃÎÒÃÇËµÖĞÎÄ, ÎÒ»Ø¸´: {'success': False, 'error': "'>...
2025-09-20 15:47:24,100 - __main__ - INFO - ÒÑ¼ÓÔØ 0 ¸öÓÃ»§»á»°
2025-09-20 15:47:24,118 - __main__ - INFO - ÇéĞ÷¹ÜÀíÆ÷ÒÑ³õÊ¼»¯
2025-09-20 15:47:24,137 - __main__ - INFO - ÒÑ¼ÓÔØ 0 Ìõ¼ÇÒä
2025-09-20 15:47:24,360 - __main__ - INFO - ÏûÏ¢¶ÓÁĞ´¦ÀíÆ÷ÒÑÆô¶¯
2025-09-20 15:47:24,417 - __main__ - INFO - ÒâÊ¶Ñ­»·ÒÑÆô¶¯
2025-09-20 15:48:52,568 - __main__ - INFO - ÓÃ»§ 41844 ÉÏÏß (ÊÖ»ú)
2025-09-20 15:49:08,345 - __main__ - INFO - ´´½¨ĞÂÓÃ»§»á»°: ÓÃ»§46014 (46014)
2025-09-20 15:49:10,450 - hypercorn.error - INFO - Running on http://0.0.0.0:8000 (CTRL + C to quit)
2025-09-20 15:49:14,858 - __main__ - INFO - ÇéĞ÷ÒÑ¸üĞÂ: ¸Ğ¾õÓĞµãºÃÆæ
2025-09-20 15:49:17,731 - __main__ - INFO - ×ö³ö¾ö²ß: ['no_reply']
2025-09-20 15:49:17,747 - __main__ - INFO - ¾ö¶¨²»»Ø¸´
2025-09-20 15:49:28,744 - __main__ - INFO - ÇéĞ÷ÒÑ¸üĞÂ: ¸Ğ¾õÓĞµãºÃÆæ
2025-09-20 15:49:32,140 - __main__ - INFO - ×ö³ö¾ö²ß: ['reply']
2025-09-20 15:49:38,775 - __main__ - INFO - ³É¹¦»Ø¸´ÏûÏ¢: {"name": "send_message", "arguments": {"message": "ÔÚµÄ£¬ÔÚµÄ£¬ÔõÃ´ÁË£¿", "target_id": "46014"}}...
2025-09-20 15:49:38,828 - __main__ - INFO - ÎªÓÃ»§ 46014 Ìí¼Ó¼ÇÒä: ÓÃ»§Ëµ: ÔÚÂğ, ÎÒ»Ø¸´: {"name": "send_message", "arguments": {"message": "ÔÚµÄ£¬ÔÚµÄ£¬ÔõÃ´ÁË£¿", "target_id": "46014"}}
2025-09-20 15:49:38,961 - __main__ - INFO - ´´½¨ĞÂÓÃ»§»á»°: LikeRen (48312)
2025-09-20 15:49:40,776 - __main__ - INFO - ÇéĞ÷ÒÑ¸üĞÂ: ¸Ğ¾õÓĞµãºÃÆæ
2025-09-20 15:49:44,476 - __main__ - INFO - ×ö³ö¾ö²ß: ['no_reply']
2025-09-20 15:49:44,495 - __main__ - INFO - ¾ö¶¨²»»Ø¸´
2025-09-20 15:49:46,345 - __main__ - INFO - ÇéĞ÷ÒÑ¸üĞÂ: ¸Ğ¾õÓĞµãºÃÆæ
2025-09-20 15:49:48,494 - __main__ - INFO - ÓÃ»§ 40014 ÉÏÏß (PC)
2025-09-20 15:49:50,274 - __main__ - INFO - ×ö³ö¾ö²ß: ['no_reply']
2025-09-20 15:49:50,299 - __main__ - INFO - ¾ö¶¨²»»Ø¸´
2025-09-20 15:49:53,816 - __main__ - INFO - ÓÃ»§ 10964 ÉÏÏß (PC)
2025-09-20 15:50:10,701 - __main__ - INFO - ´´½¨ĞÂÓÃ»§»á»°: Ñ©µÛ (50989)
2025-09-20 15:50:12,733 - __main__ - INFO - ÇéĞ÷ÒÑ¸üĞÂ: ¸Ğ¾õÓĞµãÀ§»ó
2025-09-20 15:50:15,682 - __main__ - INFO - ×ö³ö¾ö²ß: ['no_reply']
2025-09-20 15:50:15,708 - __main__ - INFO - ¾ö¶¨²»»Ø¸´
2025-09-20 15:50:18,839 - __main__ - INFO - ´´½¨ĞÂÓÃ»§»á»°: ÊÇB777²»ÊÇB7(B777) (57391)
2025-09-20 15:50:20,603 - __main__ - INFO - ÇéĞ÷ÒÑ¸üĞÂ: ¸Ğ¾õÓĞµãÀ§»ó
2025-09-20 15:50:24,745 - __main__ - INFO - ×ö³ö¾ö²ß: ['reply']
2025-09-20 15:50:27,327 - __main__ - INFO - ¹¤¾ß send_message Ö´ĞĞ³É¹¦
2025-09-20 15:50:30,384 - __main__ - INFO - ³É¹¦»Ø¸´ÏûÏ¢: {'success': False, 'error': "'>' not supported between instances of 'str' and 'int'"}...
2025-09-20 15:51:05,817 - __main__ - INFO - ´´½¨ĞÂÓÃ»§»á»°: ·¿** (52959)
2025-09-20 15:51:08,008 - __main__ - INFO - ÇéĞ÷ÒÑ¸üĞÂ: ¸Ğ¾õÓĞµãºÃÆæ
2025-09-20 15:51:10,919 - __main__ - INFO - ×ö³ö¾ö²ß: ['reply']
2025-09-20 15:51:14,292 - __main__ - INFO - ¹¤¾ß send_message Ö´ĞĞ³É¹¦
2025-09-20 15:51:18,134 - __main__ - INFO - ´´½¨ĞÂÓÃ»§»á»°: rex111_ETO (53401)
2025-09-20 15:51:21,273 - __main__ - INFO - ÇéĞ÷ÒÑ¸üĞÂ: ¸Ğ¾õÓĞµãºÃÆæ
2025-09-20 15:51:24,268 - __main__ - INFO - ×ö³ö¾ö²ß: ['reply']
2025-09-20 15:51:31,727 - __main__ - INFO - ÓÃ»§ 41844 ÀëÏß (ÊÖ»ú)
2025-09-20 15:51:39,655 - __main__ - INFO - ÓÃ»§ 52187 ÀëÏß (PC)
2025-09-20 15:51:40,047 - __main__ - INFO - ÇéĞ÷ÒÑ¸üĞÂ: ÓĞµãÀ§»ó
2025-09-20 15:51:42,773 - __main__ - INFO - ×ö³ö¾ö²ß: ['reply']
2025-09-20 15:51:48,401 - __main__ - INFO - ´´½¨ĞÂÓÃ»§»á»°: MessyDragon (53419)
2025-09-20 15:51:50,727 - __main__ - INFO - ÇéĞ÷ÒÑ¸üĞÂ: ÓĞµãºÃÆæ
2025-09-20 15:51:53,418 - __main__ - INFO - ×ö³ö¾ö²ß: ['no_reply']
2025-09-20 15:51:53,439 - __main__ - INFO - ¾ö¶¨²»»Ø¸´
2025-09-20 15:52:07,064 - __main__ - INFO - ÓÃ»§ 40014 ÀëÏß (PC)
2025-09-20 15:53:02,594 - __main__ - INFO - ÇéĞ÷ÒÑ¸üĞÂ: ÓĞµãÀ§»ó
2025-09-20 15:53:07,027 - __main__ - INFO - ×ö³ö¾ö²ß: ['reply']
2025-09-20 15:53:09,352 - __main__ - INFO - ¹¤¾ß lpmm_search_knowledge Ö´ĞĞ³É¹¦
2025-09-20 15:53:12,927 - __main__ - INFO - ³É¹¦»Ø¸´ÏûÏ¢: {'query': 'Minecraft set·½¿é bug', 'results': [{'content': '¹ØÓÚ Minecraft set·½¿é bug µÄÏà¹ØĞÅÏ¢', 'score': 0.9}, {'content': 'Minecraft set·½¿é bug µÄÏêÏ¸ËµÃ÷', 'score': 0.8}]}...
2025-09-20 15:53:12,952 - __main__ - INFO - ÎªÓÃ»§ 48312 Ìí¼Ó¼ÇÒä: ÓÃ»§Ëµ: ? ÎÒÖ®Ç°¹ıÔØºÃÏñ²»»á³öÏÖÕâÖÖbug, ÎÒ»Ø¸´: {'query': 'Minecraft set·½¿é bug', 'results': [{'content': '¹ØÓÚ Minecraft set·½¿é bug µÄÏà¹ØĞÅÏ¢', 'score': 0.9}, {'content': 'Minecraft set·½¿é bug µÄÏêÏ¸ËµÃ÷', 'score': 0.8}]}
2025-09-20 15:53:15,251 - __main__ - INFO - ÇéĞ÷ÒÑ¸üĞÂ: ÓĞµãºÃÆæ
2025-09-20 15:53:17,630 - __main__ - INFO - ÇéĞ÷ÒÑ¸üĞÂ: [ÁÄÌì´íÎó] ÒÑÖØÊÔ 2 ´Î£¬×îÖÕÊ§°Ü: ´´½¨¶Ô»°Ê§°Ü: Cannot connect to host chat.qwen.ai:443 ssl:default [Could not contact DNS servers]
2025-09-20 15:53:19,346 - __main__ - INFO - ×ö³ö¾ö²ß: ['reply']
2025-09-20 15:53:20,424 - __main__ - INFO - ×ö³ö¾ö²ß: ['reply']
2025-09-20 15:53:24,419 - __main__ - INFO - ¹¤¾ß send_message Ö´ĞĞ³É¹¦
2025-09-20 15:53:27,568 - __main__ - INFO - ÓÃ»§ 10964 ÀëÏß (PC)
2025-09-20 15:54:00,087 - __main__ - INFO - ÓÃ»§ 49634 ÉÏÏß (PC)
2025-09-20 15:54:04,599 - __main__ - INFO - ÓÃ»§ 10964 ÉÏÏß (PC)
2025-09-20 15:54:05,814 - __main__ - INFO - ÇéĞ÷ÒÑ¸üĞÂ: ÓĞµãÀ§»ó£¬µ«»¹ËãÆ½¾²¡£
2025-09-20 15:54:09,649 - __main__ - INFO - ÇéĞ÷ÒÑ¸üĞÂ: ÓĞµãºÃÆæ£¬µ«»¹±£³Ö×ÅÆ½¾²¡£
2025-09-20 15:54:11,484 - __main__ - INFO - ×ö³ö¾ö²ß: ['reply']
2025-09-20 15:54:13,396 - __main__ - INFO - ÇéĞ÷ÒÑ¸üĞÂ: ÓĞµãºÃÆæ£¬µ«»¹±£³Ö×ÅÆ½¾²¡£
2025-09-20 15:54:14,215 - __main__ - INFO - ×ö³ö¾ö²ß: ['no_reply']
2025-09-20 15:54:14,234 - __main__ - INFO - ¾ö¶¨²»»Ø¸´
2025-09-20 15:54:14,673 - __main__ - INFO - ¹¤¾ß send_message Ö´ĞĞ³É¹¦
2025-09-20 15:54:16,988 - __main__ - INFO - ÇéĞ÷ÒÑ¸üĞÂ: ÓĞµãºÃÆæ£¬µ«»¹±£³Ö×ÅÆ½¾²¡£
2025-09-20 15:54:17,547 - __main__ - INFO - ×ö³ö¾ö²ß: ['reply']
2025-09-20 15:54:21,075 - __main__ - INFO - ×ö³ö¾ö²ß: ['reply']
2025-09-20 15:54:30,090 - __main__ - INFO - ¹¤¾ß lpmm_search_knowledge Ö´ĞĞ³É¹¦
2025-09-20 15:55:04,557 - __main__ - INFO - ÓÃ»§ 10964 ÀëÏß (PC)
2025-09-20 15:55:11,243 - __main__ - INFO - ´´½¨ĞÂÓÃ»§»á»°: IE11 (58130)
2025-09-20 15:55:21,078 - __main__ - INFO - ÇéĞ÷ÒÑ¸üĞÂ: ÓĞµãÀ§»ó£¬µ«»¹ÊÇ±£³ÖÆ½¾²¡£
2025-09-20 15:55:24,415 - __main__ - INFO - ÇéĞ÷ÒÑ¸üĞÂ: ÓĞµãºÃÆæ£¬µ«»¹ÊÇ±£³ÖÆ½¾²¡£
2025-09-20 15:55:24,782 - __main__ - INFO - ×ö³ö¾ö²ß: ['no_reply']
2025-09-20 15:55:24,806 - __main__ - INFO - ¾ö¶¨²»»Ø¸´
2025-09-20 15:55:31,817 - __main__ - INFO - ×ö³ö¾ö²ß: ['no_reply']
2025-09-20 15:55:31,846 - __main__ - INFO - ¾ö¶¨²»»Ø¸´
2025-09-20 15:55:43,722 - __main__ - INFO - ÓÃ»§ 10964 ÉÏÏß (PC)
2025-09-20 15:55:51,058 - __main__ - INFO - ÓÃ»§ 10964 ÀëÏß (PC)
2025-09-20 15:56:08,731 - __main__ - INFO - ÓÃ»§ 10964 ÉÏÏß (PC)
2025-09-20 15:56:09,894 - __main__ - INFO - ÇéĞ÷ÒÑ¸üĞÂ: ÓĞµãºÃÆæ£¬µ«»¹ÊÇ±£³ÖÆ½¾²¡£
2025-09-20 15:56:15,153 - __main__ - INFO - ×ö³ö¾ö²ß: ['reply']
2025-09-20 15:56:21,751 - __main__ - INFO - ¹¤¾ß lpmm_search_knowledge Ö´ĞĞ³É¹¦
2025-09-20 15:56:59,819 - __main__ - INFO - ÓÃ»§ 10964 ÀëÏß (PC)
2025-09-20 15:57:03,831 - __main__ - INFO - ÇéĞ÷ÒÑ¸üĞÂ: ÓĞµãÀ§»ó£¬µ«»¹ÊÇ±£³ÖÆ½¾²¡£
2025-09-20 15:57:04,238 - __main__ - INFO - ÓÃ»§ 10964 ÉÏÏß (PC)
2025-09-20 15:57:43,185 - __main__ - INFO - ÓÃ»§ 42666 ÉÏÏß (PC)
2025-09-20 15:59:02,479 - __main__ - INFO - ÓÃ»§ 49634 ÀëÏß (PC)
2025-09-20 15:59:07,513 - __main__ - INFO - ÓÃ»§ 49634 ÉÏÏß (PC)
2025-09-20 15:59:13,859 - __main__ - INFO - ×ö³ö¾ö²ß: ['no_reply']
2025-09-20 15:59:13,912 - __main__ - INFO - ¾ö¶¨²»»Ø¸´
2025-09-20 16:00:22,522 - __main__ - INFO - ÓÃ»§ 10964 ÀëÏß (PC)
2025-09-20 16:00:27,439 - __main__ - INFO - ÓÃ»§ 10964 ÉÏÏß (PC)
2025-09-20 16:00:50,561 - __main__ - INFO - ÇéĞ÷ÒÑ¸üĞÂ: ÓĞµãºÃÆæ£¬µ«»¹ÊÇ±£³ÖÆ½¾²¡£
2025-09-20 16:00:52,863 - __main__ - INFO - ÓÃ»§ 10964 ÀëÏß (PC)
2025-09-20 16:00:56,531 - __main__ - INFO - ×ö³ö¾ö²ß: ['no_reply']
2025-09-20 16:00:56,561 - __main__ - INFO - ¾ö¶¨²»»Ø¸´
2025-09-20 16:00:58,181 - __main__ - INFO - ÓÃ»§ 10964 ÉÏÏß (PC)
2025-09-20 16:01:32,735 - __main__ - INFO - ÓÃ»§ 10964 ÀëÏß (PC)
2025-09-20 16:01:39,166 - __main__ - INFO - ÓÃ»§ 10964 ÉÏÏß (PC)
2025-09-20 16:02:00,065 - __main__ - INFO - ÇéĞ÷ÒÑ¸üĞÂ: ÓĞµãÀ§»ó£¬µ«»¹ÊÇ±£³ÖÆ½¾²¡£
2025-09-20 16:02:05,465 - __main__ - INFO - ×ö³ö¾ö²ß: ['no_reply']
2025-09-20 16:02:05,495 - __main__ - INFO - ¾ö¶¨²»»Ø¸´
2025-09-20 16:02:07,761 - __main__ - INFO - ÓÃ»§ 10964 ÀëÏß (PC)
2025-09-20 16:02:12,176 - __main__ - INFO - ÓÃ»§ 10964 ÉÏÏß (PC)
2025-09-20 16:04:52,835 - __main__ - INFO - ´´½¨ĞÂÓÃ»§»á»°: Kuse_jackson (50900)
2025-09-20 16:04:56,914 - __main__ - INFO - ÇéĞ÷ÒÑ¸üĞÂ: ÓĞµãºÃÆæ£¬µ«»¹ÊÇ±£³ÖÆ½¾²¡£
2025-09-20 16:05:00,445 - __main__ - INFO - ×ö³ö¾ö²ß: ['no_reply']
2025-09-20 16:05:00,466 - __main__ - INFO - ¾ö¶¨²»»Ø¸´
2025-09-20 16:05:44,698 - __main__ - INFO - ÓÃ»§ 1 ÉÏÏß (PC)
2025-09-20 16:07:37,931 - __main__ - INFO - ÓÃ»§ 10964 ÀëÏß (PC)
2025-09-20 16:07:43,153 - __main__ - INFO - ÓÃ»§ 10964 ÉÏÏß (PC)
2025-09-20 16:08:03,040 - __main__ - INFO - ÓÃ»§ 10964 ÀëÏß (PC)
2025-09-20 16:08:07,334 - __main__ - INFO - ÓÃ»§ 10964 ÉÏÏß (PC)
2025-09-20 16:08:20,479 - __main__ - INFO - ÓÃ»§ 10964 ÀëÏß (PC)
2025-09-20 16:08:25,609 - __main__ - INFO - ÓÃ»§ 10964 ÉÏÏß (PC)
2025-09-20 16:08:39,565 - __main__ - INFO - ÓÃ»§ 10964 ÀëÏß (PC)
2025-09-20 16:08:44,087 - __main__ - INFO - ÓÃ»§ 10964 ÉÏÏß (PC)
2025-09-20 16:09:05,274 - __main__ - INFO - ÓÃ»§ 10964 ÀëÏß (PC)
2025-09-20 16:09:05,475 - __main__ - INFO - ÓÃ»§ 40014 ÉÏÏß (PC)
2025-09-20 16:09:09,089 - __main__ - INFO - ÓÃ»§ 10964 ÉÏÏß (PC)
2025-09-20 16:10:07,215 - __main__ - INFO - ÓÃ»§ 40014 ÀëÏß (PC)
2025-09-20 16:10:24,073 - __main__ - INFO - ÓÃ»§ 10964 ÀëÏß (PC)
2025-09-20 16:10:29,995 - __main__ - INFO - ÓÃ»§ 10964 ÉÏÏß (PC)
2025-09-20 16:10:49,153 - __main__ - INFO - ÓÃ»§ 16304 ÉÏÏß (PC)
2025-09-20 16:11:31,326 - __main__ - INFO - ÓÃ»§ 52781 ÉÏÏß (ÊÖ»ú)
2025-09-20 16:12:03,367 - __main__ - INFO - ÓÃ»§ 10964 ÀëÏß (PC)
2025-09-20 16:12:08,899 - __main__ - INFO - ÓÃ»§ 10964 ÉÏÏß (PC)
2025-09-20 16:13:27,147 - __main__ - INFO - ÓÃ»§ 10964 ÀëÏß (PC)
2025-09-20 16:14:29,143 - __main__ - INFO - ÓÃ»§ 10964 ÉÏÏß (PC)
2025-09-20 16:15:00,155 - __main__ - INFO - ÓÃ»§ 55236 ÉÏÏß (PC)
2025-09-20 16:20:41,138 - __main__ - INFO - ÓÃ»§ 40014 ÉÏÏß (PC)
2025-09-20 16:21:43,139 - __main__ - INFO - ÓÃ»§ 60214 ÀëÏß (PC)
2025-09-20 16:22:45,152 - __main__ - INFO - ÓÃ»§ 42855 ÉÏÏß (ÊÖ»ú)
2025-09-20 16:23:16,153 - __main__ - INFO - ÓÃ»§ 40014 ÀëÏß (PC)
2025-09-20 16:24:49,253 - __main__ - INFO - ´´½¨ĞÂÓÃ»§»á»°: NineHeavens (59462)
2025-09-20 16:24:54,458 - __main__ - INFO - ÇéĞ÷ÒÑ¸üĞÂ: ÓĞµãºÃÆæ£¬µ«»¹ÊÇ±£³ÖÆ½¾²¡£
2025-09-20 16:24:58,869 - __main__ - INFO - ×ö³ö¾ö²ß: ['reply']
2025-09-20 18:04:02,163 - __main__ - INFO - å¯åŠ¨äº† 3 ä¸ªæ¶ˆæ¯å¤„ç†å·¥ä½œçº¿ç¨‹
2025-09-20 18:04:02,189 - __main__ - INFO - æ„è¯†æµå¾ªç¯å·²å¯åŠ¨
2025-09-20 18:18:34,933 - __main__ - ERROR - è·å–ç”¨æˆ·å…³ç³»ä¿¡æ¯æ—¶å‡ºé”™: 'user_relationships'
2025-09-20 18:18:34,982 - __main__ - ERROR - è·å–ç›¸å…³è®°å¿†æ—¶å‡ºé”™: 'personal_memories'
2025-09-20 18:18:34,997 - __main__ - ERROR - è·å–è¡¨è¾¾ä¹ æƒ¯æ—¶å‡ºé”™: list indices must be integers or slices, not str
2025-09-20 18:18:43,648 - asyncio - ERROR - Task exception was never retrieved
future: <Task finished name='Task-194' coro=<Server._run() done, defined at E:\æˆ‘çš„\python\new\Nbot0.4.0 - COPY\model_utils.py:17> exception=ValueError('signal only works in main thread of the main interpreter')>
Traceback (most recent call last):
  File "C:\Users\dell\AppData\Roaming\Python\Python313\site-packages\hypercorn\asyncio\run.py", line 73, in worker_serve
    loop.add_signal_handler(getattr(signal, signal_name), _signal_handler)
    ~~~~~~~~~~~~~~~~~~~~~~~^^^^^^^^^^^^^^^^^^^^^^^^^^^^^^^^^^^^^^^^^^^^^^^
  File "E:\Program Files\Python313\Lib\asyncio\events.py", line 596, in add_signal_handler
    raise NotImplementedError
NotImplementedError

During handling of the above exception, another exception occurred:

Traceback (most recent call last):
  File "E:\æˆ‘çš„\python\new\Nbot0.4.0 - COPY\model_utils.py", line 20, in _run
    await app.run_task(host=self.host, port=self.port)
  File "C:\Users\dell\AppData\Roaming\Python\Python313\site-packages\hypercorn\asyncio\__init__.py", line 44, in serve
    await worker_serve(
        wrap_app(app, config.wsgi_max_body_size, mode), config, shutdown_trigger=shutdown_trigger
    )
  File "C:\Users\dell\AppData\Roaming\Python\Python313\site-packages\hypercorn\asyncio\run.py", line 76, in worker_serve
    signal.signal(getattr(signal, signal_name), _signal_handler)
    ~~~~~~~~~~~~~^^^^^^^^^^^^^^^^^^^^^^^^^^^^^^^^^^^^^^^^^^^^^^^
  File "E:\Program Files\Python313\Lib\signal.py", line 58, in signal
    handler = _signal.signal(_enum_to_int(signalnum), _enum_to_int(handler))
ValueError: signal only works in main thread of the main interpreter
2025-09-20 18:18:47,004 - __main__ - ERROR - è·å–ç”¨æˆ·å…³ç³»ä¿¡æ¯æ—¶å‡ºé”™: 'user_relationships'
2025-09-20 18:18:47,035 - __main__ - ERROR - è·å–ç›¸å…³è®°å¿†æ—¶å‡ºé”™: 'personal_memories'
2025-09-20 18:18:47,052 - __main__ - ERROR - è·å–è¡¨è¾¾ä¹ æƒ¯æ—¶å‡ºé”™: list indices must be integers or slices, not str
2025-09-20 18:18:47,086 - asyncio - ERROR - Task exception was never retrieved
future: <Task finished name='Task-202' coro=<Server._run() done, defined at E:\æˆ‘çš„\python\new\Nbot0.4.0 - COPY\model_utils.py:17> exception=ValueError('signal only works in main thread of the main interpreter')>
Traceback (most recent call last):
  File "C:\Users\dell\AppData\Roaming\Python\Python313\site-packages\hypercorn\asyncio\run.py", line 73, in worker_serve
    loop.add_signal_handler(getattr(signal, signal_name), _signal_handler)
    ~~~~~~~~~~~~~~~~~~~~~~~^^^^^^^^^^^^^^^^^^^^^^^^^^^^^^^^^^^^^^^^^^^^^^^
  File "E:\Program Files\Python313\Lib\asyncio\events.py", line 596, in add_signal_handler
    raise NotImplementedError
NotImplementedError

During handling of the above exception, another exception occurred:

Traceback (most recent call last):
  File "E:\æˆ‘çš„\python\new\Nbot0.4.0 - COPY\model_utils.py", line 20, in _run
    await app.run_task(host=self.host, port=self.port)
  File "C:\Users\dell\AppData\Roaming\Python\Python313\site-packages\hypercorn\asyncio\__init__.py", line 44, in serve
    await worker_serve(
        wrap_app(app, config.wsgi_max_body_size, mode), config, shutdown_trigger=shutdown_trigger
    )
  File "C:\Users\dell\AppData\Roaming\Python\Python313\site-packages\hypercorn\asyncio\run.py", line 76, in worker_serve
    signal.signal(getattr(signal, signal_name), _signal_handler)
    ~~~~~~~~~~~~~^^^^^^^^^^^^^^^^^^^^^^^^^^^^^^^^^^^^^^^^^^^^^^^
  File "E:\Program Files\Python313\Lib\signal.py", line 58, in signal
    handler = _signal.signal(_enum_to_int(signalnum), _enum_to_int(handler))
ValueError: signal only works in main thread of the main interpreter
2025-09-20 18:18:49,292 - asyncio - ERROR - Task exception was never retrieved
future: <Task finished name='Task-207' coro=<Server._run() done, defined at E:\æˆ‘çš„\python\new\Nbot0.4.0 - COPY\model_utils.py:17> exception=ValueError('signal only works in main thread of the main interpreter')>
Traceback (most recent call last):
  File "C:\Users\dell\AppData\Roaming\Python\Python313\site-packages\hypercorn\asyncio\run.py", line 73, in worker_serve
    loop.add_signal_handler(getattr(signal, signal_name), _signal_handler)
    ~~~~~~~~~~~~~~~~~~~~~~~^^^^^^^^^^^^^^^^^^^^^^^^^^^^^^^^^^^^^^^^^^^^^^^
  File "E:\Program Files\Python313\Lib\asyncio\events.py", line 596, in add_signal_handler
    raise NotImplementedError
NotImplementedError

During handling of the above exception, another exception occurred:

Traceback (most recent call last):
  File "E:\æˆ‘çš„\python\new\Nbot0.4.0 - COPY\model_utils.py", line 20, in _run
    await app.run_task(host=self.host, port=self.port)
  File "C:\Users\dell\AppData\Roaming\Python\Python313\site-packages\hypercorn\asyncio\__init__.py", line 44, in serve
    await worker_serve(
        wrap_app(app, config.wsgi_max_body_size, mode), config, shutdown_trigger=shutdown_trigger
    )
  File "C:\Users\dell\AppData\Roaming\Python\Python313\site-packages\hypercorn\asyncio\run.py", line 76, in worker_serve
    signal.signal(getattr(signal, signal_name), _signal_handler)
    ~~~~~~~~~~~~~^^^^^^^^^^^^^^^^^^^^^^^^^^^^^^^^^^^^^^^^^^^^^^^
  File "E:\Program Files\Python313\Lib\signal.py", line 58, in signal
    handler = _signal.signal(_enum_to_int(signalnum), _enum_to_int(handler))
ValueError: signal only works in main thread of the main interpreter
2025-09-20 18:18:52,692 - asyncio - ERROR - Task exception was never retrieved
future: <Task finished name='Task-212' coro=<Server._run() done, defined at E:\æˆ‘çš„\python\new\Nbot0.4.0 - COPY\model_utils.py:17> exception=ValueError('signal only works in main thread of the main interpreter')>
Traceback (most recent call last):
  File "C:\Users\dell\AppData\Roaming\Python\Python313\site-packages\hypercorn\asyncio\run.py", line 73, in worker_serve
    loop.add_signal_handler(getattr(signal, signal_name), _signal_handler)
    ~~~~~~~~~~~~~~~~~~~~~~~^^^^^^^^^^^^^^^^^^^^^^^^^^^^^^^^^^^^^^^^^^^^^^^
  File "E:\Program Files\Python313\Lib\asyncio\events.py", line 596, in add_signal_handler
    raise NotImplementedError
NotImplementedError

During handling of the above exception, another exception occurred:

Traceback (most recent call last):
  File "E:\æˆ‘çš„\python\new\Nbot0.4.0 - COPY\model_utils.py", line 20, in _run
    await app.run_task(host=self.host, port=self.port)
  File "C:\Users\dell\AppData\Roaming\Python\Python313\site-packages\hypercorn\asyncio\__init__.py", line 44, in serve
    await worker_serve(
        wrap_app(app, config.wsgi_max_body_size, mode), config, shutdown_trigger=shutdown_trigger
    )
  File "C:\Users\dell\AppData\Roaming\Python\Python313\site-packages\hypercorn\asyncio\run.py", line 76, in worker_serve
    signal.signal(getattr(signal, signal_name), _signal_handler)
    ~~~~~~~~~~~~~^^^^^^^^^^^^^^^^^^^^^^^^^^^^^^^^^^^^^^^^^^^^^^^
  File "E:\Program Files\Python313\Lib\signal.py", line 58, in signal
    handler = _signal.signal(_enum_to_int(signalnum), _enum_to_int(handler))
ValueError: signal only works in main thread of the main interpreter
2025-09-20 18:18:53,861 - asyncio - ERROR - Task exception was never retrieved
future: <Task finished name='Task-218' coro=<Server._run() done, defined at E:\æˆ‘çš„\python\new\Nbot0.4.0 - COPY\model_utils.py:17> exception=ValueError('signal only works in main thread of the main interpreter')>
Traceback (most recent call last):
  File "C:\Users\dell\AppData\Roaming\Python\Python313\site-packages\hypercorn\asyncio\run.py", line 73, in worker_serve
    loop.add_signal_handler(getattr(signal, signal_name), _signal_handler)
    ~~~~~~~~~~~~~~~~~~~~~~~^^^^^^^^^^^^^^^^^^^^^^^^^^^^^^^^^^^^^^^^^^^^^^^
  File "E:\Program Files\Python313\Lib\asyncio\events.py", line 596, in add_signal_handler
    raise NotImplementedError
NotImplementedError

During handling of the above exception, another exception occurred:

Traceback (most recent call last):
  File "E:\æˆ‘çš„\python\new\Nbot0.4.0 - COPY\model_utils.py", line 20, in _run
    await app.run_task(host=self.host, port=self.port)
  File "C:\Users\dell\AppData\Roaming\Python\Python313\site-packages\hypercorn\asyncio\__init__.py", line 44, in serve
    await worker_serve(
        wrap_app(app, config.wsgi_max_body_size, mode), config, shutdown_trigger=shutdown_trigger
    )
  File "C:\Users\dell\AppData\Roaming\Python\Python313\site-packages\hypercorn\asyncio\run.py", line 76, in worker_serve
    signal.signal(getattr(signal, signal_name), _signal_handler)
    ~~~~~~~~~~~~~^^^^^^^^^^^^^^^^^^^^^^^^^^^^^^^^^^^^^^^^^^^^^^^
  File "E:\Program Files\Python313\Lib\signal.py", line 58, in signal
    handler = _signal.signal(_enum_to_int(signalnum), _enum_to_int(handler))
ValueError: signal only works in main thread of the main interpreter
2025-09-20 18:18:56,007 - __main__ - ERROR - ä¿å­˜äº¤äº’è®°å¿†æ—¶å‡ºé”™: 'personal_memories'
2025-09-20 18:18:56,989 - __main__ - ERROR - è·å–ç”¨æˆ·å…³ç³»ä¿¡æ¯æ—¶å‡ºé”™: 'user_relationships'
2025-09-20 18:18:57,006 - __main__ - ERROR - è·å–ç›¸å…³è®°å¿†æ—¶å‡ºé”™: 'personal_memories'
2025-09-20 18:18:57,021 - __main__ - ERROR - è·å–è¡¨è¾¾ä¹ æƒ¯æ—¶å‡ºé”™: list indices must be integers or slices, not str
2025-09-20 18:18:57,056 - asyncio - ERROR - Task exception was never retrieved
future: <Task finished name='Task-221' coro=<Server._run() done, defined at E:\æˆ‘çš„\python\new\Nbot0.4.0 - COPY\model_utils.py:17> exception=ValueError('signal only works in main thread of the main interpreter')>
Traceback (most recent call last):
  File "C:\Users\dell\AppData\Roaming\Python\Python313\site-packages\hypercorn\asyncio\run.py", line 73, in worker_serve
    loop.add_signal_handler(getattr(signal, signal_name), _signal_handler)
    ~~~~~~~~~~~~~~~~~~~~~~~^^^^^^^^^^^^^^^^^^^^^^^^^^^^^^^^^^^^^^^^^^^^^^^
  File "E:\Program Files\Python313\Lib\asyncio\events.py", line 596, in add_signal_handler
    raise NotImplementedError
NotImplementedError

During handling of the above exception, another exception occurred:

Traceback (most recent call last):
  File "E:\æˆ‘çš„\python\new\Nbot0.4.0 - COPY\model_utils.py", line 20, in _run
    await app.run_task(host=self.host, port=self.port)
  File "C:\Users\dell\AppData\Roaming\Python\Python313\site-packages\hypercorn\asyncio\__init__.py", line 44, in serve
    await worker_serve(
        wrap_app(app, config.wsgi_max_body_size, mode), config, shutdown_trigger=shutdown_trigger
    )
  File "C:\Users\dell\AppData\Roaming\Python\Python313\site-packages\hypercorn\asyncio\run.py", line 76, in worker_serve
    signal.signal(getattr(signal, signal_name), _signal_handler)
    ~~~~~~~~~~~~~^^^^^^^^^^^^^^^^^^^^^^^^^^^^^^^^^^^^^^^^^^^^^^^
  File "E:\Program Files\Python313\Lib\signal.py", line 58, in signal
    handler = _signal.signal(_enum_to_int(signalnum), _enum_to_int(handler))
ValueError: signal only works in main thread of the main interpreter
2025-09-20 18:18:57,138 - __main__ - ERROR - ä¿å­˜äº¤äº’è®°å¿†æ—¶å‡ºé”™: 'personal_memories'
2025-09-20 18:18:59,056 - __main__ - ERROR - è·å–ç”¨æˆ·å…³ç³»ä¿¡æ¯æ—¶å‡ºé”™: 'user_relationships'
2025-09-20 18:18:59,078 - __main__ - ERROR - è·å–ç›¸å…³è®°å¿†æ—¶å‡ºé”™: 'personal_memories'
2025-09-20 18:18:59,096 - __main__ - ERROR - è·å–è¡¨è¾¾ä¹ æƒ¯æ—¶å‡ºé”™: list indices must be integers or slices, not str
2025-09-20 18:18:59,129 - asyncio - ERROR - Task exception was never retrieved
future: <Task finished name='Task-226' coro=<Server._run() done, defined at E:\æˆ‘çš„\python\new\Nbot0.4.0 - COPY\model_utils.py:17> exception=ValueError('signal only works in main thread of the main interpreter')>
Traceback (most recent call last):
  File "C:\Users\dell\AppData\Roaming\Python\Python313\site-packages\hypercorn\asyncio\run.py", line 73, in worker_serve
    loop.add_signal_handler(getattr(signal, signal_name), _signal_handler)
    ~~~~~~~~~~~~~~~~~~~~~~~^^^^^^^^^^^^^^^^^^^^^^^^^^^^^^^^^^^^^^^^^^^^^^^
  File "E:\Program Files\Python313\Lib\asyncio\events.py", line 596, in add_signal_handler
    raise NotImplementedError
NotImplementedError

During handling of the above exception, another exception occurred:

Traceback (most recent call last):
  File "E:\æˆ‘çš„\python\new\Nbot0.4.0 - COPY\model_utils.py", line 20, in _run
    await app.run_task(host=self.host, port=self.port)
  File "C:\Users\dell\AppData\Roaming\Python\Python313\site-packages\hypercorn\asyncio\__init__.py", line 44, in serve
    await worker_serve(
        wrap_app(app, config.wsgi_max_body_size, mode), config, shutdown_trigger=shutdown_trigger
    )
  File "C:\Users\dell\AppData\Roaming\Python\Python313\site-packages\hypercorn\asyncio\run.py", line 76, in worker_serve
    signal.signal(getattr(signal, signal_name), _signal_handler)
    ~~~~~~~~~~~~~^^^^^^^^^^^^^^^^^^^^^^^^^^^^^^^^^^^^^^^^^^^^^^^
  File "E:\Program Files\Python313\Lib\signal.py", line 58, in signal
    handler = _signal.signal(_enum_to_int(signalnum), _enum_to_int(handler))
ValueError: signal only works in main thread of the main interpreter
2025-09-20 18:18:59,220 - asyncio - ERROR - Task exception was never retrieved
future: <Task finished name='Task-237' coro=<Server._run() done, defined at E:\æˆ‘çš„\python\new\Nbot0.4.0 - COPY\model_utils.py:17> exception=ValueError('signal only works in main thread of the main interpreter')>
Traceback (most recent call last):
  File "C:\Users\dell\AppData\Roaming\Python\Python313\site-packages\hypercorn\asyncio\run.py", line 73, in worker_serve
    loop.add_signal_handler(getattr(signal, signal_name), _signal_handler)
    ~~~~~~~~~~~~~~~~~~~~~~~^^^^^^^^^^^^^^^^^^^^^^^^^^^^^^^^^^^^^^^^^^^^^^^
  File "E:\Program Files\Python313\Lib\asyncio\events.py", line 596, in add_signal_handler
    raise NotImplementedError
NotImplementedError

During handling of the above exception, another exception occurred:

Traceback (most recent call last):
  File "E:\æˆ‘çš„\python\new\Nbot0.4.0 - COPY\model_utils.py", line 20, in _run
    await app.run_task(host=self.host, port=self.port)
  File "C:\Users\dell\AppData\Roaming\Python\Python313\site-packages\hypercorn\asyncio\__init__.py", line 44, in serve
    await worker_serve(
        wrap_app(app, config.wsgi_max_body_size, mode), config, shutdown_trigger=shutdown_trigger
    )
  File "C:\Users\dell\AppData\Roaming\Python\Python313\site-packages\hypercorn\asyncio\run.py", line 76, in worker_serve
    signal.signal(getattr(signal, signal_name), _signal_handler)
    ~~~~~~~~~~~~~^^^^^^^^^^^^^^^^^^^^^^^^^^^^^^^^^^^^^^^^^^^^^^^
  File "E:\Program Files\Python313\Lib\signal.py", line 58, in signal
    handler = _signal.signal(_enum_to_int(signalnum), _enum_to_int(handler))
ValueError: signal only works in main thread of the main interpreter
2025-09-20 18:19:01,160 - __main__ - ERROR - è·å–ç”¨æˆ·å…³ç³»ä¿¡æ¯æ—¶å‡ºé”™: 'user_relationships'
2025-09-20 18:19:01,173 - __main__ - ERROR - è·å–ç›¸å…³è®°å¿†æ—¶å‡ºé”™: 'personal_memories'
2025-09-20 18:19:01,204 - __main__ - ERROR - è·å–è¡¨è¾¾ä¹ æƒ¯æ—¶å‡ºé”™: list indices must be integers or slices, not str
2025-09-20 18:19:01,237 - asyncio - ERROR - Task exception was never retrieved
future: <Task finished name='Task-241' coro=<Server._run() done, defined at E:\æˆ‘çš„\python\new\Nbot0.4.0 - COPY\model_utils.py:17> exception=ValueError('signal only works in main thread of the main interpreter')>
Traceback (most recent call last):
  File "C:\Users\dell\AppData\Roaming\Python\Python313\site-packages\hypercorn\asyncio\run.py", line 73, in worker_serve
    loop.add_signal_handler(getattr(signal, signal_name), _signal_handler)
    ~~~~~~~~~~~~~~~~~~~~~~~^^^^^^^^^^^^^^^^^^^^^^^^^^^^^^^^^^^^^^^^^^^^^^^
  File "E:\Program Files\Python313\Lib\asyncio\events.py", line 596, in add_signal_handler
    raise NotImplementedError
NotImplementedError

During handling of the above exception, another exception occurred:

Traceback (most recent call last):
  File "E:\æˆ‘çš„\python\new\Nbot0.4.0 - COPY\model_utils.py", line 20, in _run
    await app.run_task(host=self.host, port=self.port)
  File "C:\Users\dell\AppData\Roaming\Python\Python313\site-packages\hypercorn\asyncio\__init__.py", line 44, in serve
    await worker_serve(
        wrap_app(app, config.wsgi_max_body_size, mode), config, shutdown_trigger=shutdown_trigger
    )
  File "C:\Users\dell\AppData\Roaming\Python\Python313\site-packages\hypercorn\asyncio\run.py", line 76, in worker_serve
    signal.signal(getattr(signal, signal_name), _signal_handler)
    ~~~~~~~~~~~~~^^^^^^^^^^^^^^^^^^^^^^^^^^^^^^^^^^^^^^^^^^^^^^^
  File "E:\Program Files\Python313\Lib\signal.py", line 58, in signal
    handler = _signal.signal(_enum_to_int(signalnum), _enum_to_int(handler))
ValueError: signal only works in main thread of the main interpreter
2025-09-20 18:19:01,324 - asyncio - ERROR - Task exception was never retrieved
future: <Task finished name='Task-243' coro=<Server._run() done, defined at E:\æˆ‘çš„\python\new\Nbot0.4.0 - COPY\model_utils.py:17> exception=ValueError('signal only works in main thread of the main interpreter')>
Traceback (most recent call last):
  File "C:\Users\dell\AppData\Roaming\Python\Python313\site-packages\hypercorn\asyncio\run.py", line 73, in worker_serve
    loop.add_signal_handler(getattr(signal, signal_name), _signal_handler)
    ~~~~~~~~~~~~~~~~~~~~~~~^^^^^^^^^^^^^^^^^^^^^^^^^^^^^^^^^^^^^^^^^^^^^^^
  File "E:\Program Files\Python313\Lib\asyncio\events.py", line 596, in add_signal_handler
    raise NotImplementedError
NotImplementedError

During handling of the above exception, another exception occurred:

Traceback (most recent call last):
  File "E:\æˆ‘çš„\python\new\Nbot0.4.0 - COPY\model_utils.py", line 20, in _run
    await app.run_task(host=self.host, port=self.port)
  File "C:\Users\dell\AppData\Roaming\Python\Python313\site-packages\hypercorn\asyncio\__init__.py", line 44, in serve
    await worker_serve(
        wrap_app(app, config.wsgi_max_body_size, mode), config, shutdown_trigger=shutdown_trigger
    )
  File "C:\Users\dell\AppData\Roaming\Python\Python313\site-packages\hypercorn\asyncio\run.py", line 76, in worker_serve
    signal.signal(getattr(signal, signal_name), _signal_handler)
    ~~~~~~~~~~~~~^^^^^^^^^^^^^^^^^^^^^^^^^^^^^^^^^^^^^^^^^^^^^^^
  File "E:\Program Files\Python313\Lib\signal.py", line 58, in signal
    handler = _signal.signal(_enum_to_int(signalnum), _enum_to_int(handler))
ValueError: signal only works in main thread of the main interpreter
2025-09-20 18:19:03,390 - asyncio - ERROR - Task exception was never retrieved
future: <Task finished name='Task-244' coro=<Server._run() done, defined at E:\æˆ‘çš„\python\new\Nbot0.4.0 - COPY\model_utils.py:17> exception=ValueError('signal only works in main thread of the main interpreter')>
Traceback (most recent call last):
  File "C:\Users\dell\AppData\Roaming\Python\Python313\site-packages\hypercorn\asyncio\run.py", line 73, in worker_serve
    loop.add_signal_handler(getattr(signal, signal_name), _signal_handler)
    ~~~~~~~~~~~~~~~~~~~~~~~^^^^^^^^^^^^^^^^^^^^^^^^^^^^^^^^^^^^^^^^^^^^^^^
  File "E:\Program Files\Python313\Lib\asyncio\events.py", line 596, in add_signal_handler
    raise NotImplementedError
NotImplementedError

During handling of the above exception, another exception occurred:

Traceback (most recent call last):
  File "E:\æˆ‘çš„\python\new\Nbot0.4.0 - COPY\model_utils.py", line 20, in _run
    await app.run_task(host=self.host, port=self.port)
  File "C:\Users\dell\AppData\Roaming\Python\Python313\site-packages\hypercorn\asyncio\__init__.py", line 44, in serve
    await worker_serve(
        wrap_app(app, config.wsgi_max_body_size, mode), config, shutdown_trigger=shutdown_trigger
    )
  File "C:\Users\dell\AppData\Roaming\Python\Python313\site-packages\hypercorn\asyncio\run.py", line 76, in worker_serve
    signal.signal(getattr(signal, signal_name), _signal_handler)
    ~~~~~~~~~~~~~^^^^^^^^^^^^^^^^^^^^^^^^^^^^^^^^^^^^^^^^^^^^^^^
  File "E:\Program Files\Python313\Lib\signal.py", line 58, in signal
    handler = _signal.signal(_enum_to_int(signalnum), _enum_to_int(handler))
ValueError: signal only works in main thread of the main interpreter
2025-09-20 18:19:05,542 - __main__ - ERROR - ä¿å­˜äº¤äº’è®°å¿†æ—¶å‡ºé”™: 'personal_memories'
2025-09-20 18:19:12,734 - __main__ - INFO - å¯åŠ¨äº† 3 ä¸ªæ¶ˆæ¯å¤„ç†å·¥ä½œçº¿ç¨‹
2025-09-20 18:19:12,775 - __main__ - INFO - æ„è¯†æµå¾ªç¯å·²å¯åŠ¨
2025-09-20 18:19:22,255 - __main__ - ERROR - è·å–ç”¨æˆ·å…³ç³»ä¿¡æ¯æ—¶å‡ºé”™: 'user_relationships'
2025-09-20 18:19:22,291 - __main__ - ERROR - è·å–ç›¸å…³è®°å¿†æ—¶å‡ºé”™: 'personal_memories'
2025-09-20 18:19:22,306 - __main__ - ERROR - è·å–è¡¨è¾¾ä¹ æƒ¯æ—¶å‡ºé”™: list indices must be integers or slices, not str
2025-09-20 18:19:30,851 - asyncio - ERROR - Task exception was never retrieved
future: <Task finished name='Task-14' coro=<Server._run() done, defined at E:\æˆ‘çš„\python\new\Nbot0.4.0 - COPY\model_utils.py:17> exception=ValueError('signal only works in main thread of the main interpreter')>
Traceback (most recent call last):
  File "C:\Users\dell\AppData\Roaming\Python\Python313\site-packages\hypercorn\asyncio\run.py", line 73, in worker_serve
    loop.add_signal_handler(getattr(signal, signal_name), _signal_handler)
    ~~~~~~~~~~~~~~~~~~~~~~~^^^^^^^^^^^^^^^^^^^^^^^^^^^^^^^^^^^^^^^^^^^^^^^
  File "E:\Program Files\Python313\Lib\asyncio\events.py", line 596, in add_signal_handler
    raise NotImplementedError
NotImplementedError

During handling of the above exception, another exception occurred:

Traceback (most recent call last):
  File "E:\æˆ‘çš„\python\new\Nbot0.4.0 - COPY\model_utils.py", line 20, in _run
    await app.run_task(host=self.host, port=self.port)
  File "C:\Users\dell\AppData\Roaming\Python\Python313\site-packages\hypercorn\asyncio\__init__.py", line 44, in serve
    await worker_serve(
        wrap_app(app, config.wsgi_max_body_size, mode), config, shutdown_trigger=shutdown_trigger
    )
  File "C:\Users\dell\AppData\Roaming\Python\Python313\site-packages\hypercorn\asyncio\run.py", line 76, in worker_serve
    signal.signal(getattr(signal, signal_name), _signal_handler)
    ~~~~~~~~~~~~~^^^^^^^^^^^^^^^^^^^^^^^^^^^^^^^^^^^^^^^^^^^^^^^
  File "E:\Program Files\Python313\Lib\signal.py", line 58, in signal
    handler = _signal.signal(_enum_to_int(signalnum), _enum_to_int(handler))
ValueError: signal only works in main thread of the main interpreter
2025-09-20 18:19:36,311 - __main__ - ERROR - è·å–ç”¨æˆ·å…³ç³»ä¿¡æ¯æ—¶å‡ºé”™: 'user_relationships'
2025-09-20 18:19:36,337 - __main__ - ERROR - è·å–ç›¸å…³è®°å¿†æ—¶å‡ºé”™: 'personal_memories'
2025-09-20 18:19:36,354 - __main__ - ERROR - è·å–è¡¨è¾¾ä¹ æƒ¯æ—¶å‡ºé”™: list indices must be integers or slices, not str
2025-09-20 18:19:36,386 - asyncio - ERROR - Task exception was never retrieved
future: <Task finished name='Task-19' coro=<Server._run() done, defined at E:\æˆ‘çš„\python\new\Nbot0.4.0 - COPY\model_utils.py:17> exception=ValueError('signal only works in main thread of the main interpreter')>
Traceback (most recent call last):
  File "C:\Users\dell\AppData\Roaming\Python\Python313\site-packages\hypercorn\asyncio\run.py", line 73, in worker_serve
    loop.add_signal_handler(getattr(signal, signal_name), _signal_handler)
    ~~~~~~~~~~~~~~~~~~~~~~~^^^^^^^^^^^^^^^^^^^^^^^^^^^^^^^^^^^^^^^^^^^^^^^
  File "E:\Program Files\Python313\Lib\asyncio\events.py", line 596, in add_signal_handler
    raise NotImplementedError
NotImplementedError

During handling of the above exception, another exception occurred:

Traceback (most recent call last):
  File "E:\æˆ‘çš„\python\new\Nbot0.4.0 - COPY\model_utils.py", line 20, in _run
    await app.run_task(host=self.host, port=self.port)
  File "C:\Users\dell\AppData\Roaming\Python\Python313\site-packages\hypercorn\asyncio\__init__.py", line 44, in serve
    await worker_serve(
        wrap_app(app, config.wsgi_max_body_size, mode), config, shutdown_trigger=shutdown_trigger
    )
  File "C:\Users\dell\AppData\Roaming\Python\Python313\site-packages\hypercorn\asyncio\run.py", line 76, in worker_serve
    signal.signal(getattr(signal, signal_name), _signal_handler)
    ~~~~~~~~~~~~~^^^^^^^^^^^^^^^^^^^^^^^^^^^^^^^^^^^^^^^^^^^^^^^
  File "E:\Program Files\Python313\Lib\signal.py", line 58, in signal
    handler = _signal.signal(_enum_to_int(signalnum), _enum_to_int(handler))
ValueError: signal only works in main thread of the main interpreter
2025-09-20 18:19:38,577 - asyncio - ERROR - Task exception was never retrieved
future: <Task finished name='Task-25' coro=<Server._run() done, defined at E:\æˆ‘çš„\python\new\Nbot0.4.0 - COPY\model_utils.py:17> exception=ValueError('signal only works in main thread of the main interpreter')>
Traceback (most recent call last):
  File "C:\Users\dell\AppData\Roaming\Python\Python313\site-packages\hypercorn\asyncio\run.py", line 73, in worker_serve
    loop.add_signal_handler(getattr(signal, signal_name), _signal_handler)
    ~~~~~~~~~~~~~~~~~~~~~~~^^^^^^^^^^^^^^^^^^^^^^^^^^^^^^^^^^^^^^^^^^^^^^^
  File "E:\Program Files\Python313\Lib\asyncio\events.py", line 596, in add_signal_handler
    raise NotImplementedError
NotImplementedError

During handling of the above exception, another exception occurred:

Traceback (most recent call last):
  File "E:\æˆ‘çš„\python\new\Nbot0.4.0 - COPY\model_utils.py", line 20, in _run
    await app.run_task(host=self.host, port=self.port)
  File "C:\Users\dell\AppData\Roaming\Python\Python313\site-packages\hypercorn\asyncio\__init__.py", line 44, in serve
    await worker_serve(
        wrap_app(app, config.wsgi_max_body_size, mode), config, shutdown_trigger=shutdown_trigger
    )
  File "C:\Users\dell\AppData\Roaming\Python\Python313\site-packages\hypercorn\asyncio\run.py", line 76, in worker_serve
    signal.signal(getattr(signal, signal_name), _signal_handler)
    ~~~~~~~~~~~~~^^^^^^^^^^^^^^^^^^^^^^^^^^^^^^^^^^^^^^^^^^^^^^^
  File "E:\Program Files\Python313\Lib\signal.py", line 58, in signal
    handler = _signal.signal(_enum_to_int(signalnum), _enum_to_int(handler))
ValueError: signal only works in main thread of the main interpreter
2025-09-20 18:19:39,945 - asyncio - ERROR - Task exception was never retrieved
future: <Task finished name='Task-30' coro=<Server._run() done, defined at E:\æˆ‘çš„\python\new\Nbot0.4.0 - COPY\model_utils.py:17> exception=ValueError('signal only works in main thread of the main interpreter')>
Traceback (most recent call last):
  File "C:\Users\dell\AppData\Roaming\Python\Python313\site-packages\hypercorn\asyncio\run.py", line 73, in worker_serve
    loop.add_signal_handler(getattr(signal, signal_name), _signal_handler)
    ~~~~~~~~~~~~~~~~~~~~~~~^^^^^^^^^^^^^^^^^^^^^^^^^^^^^^^^^^^^^^^^^^^^^^^
  File "E:\Program Files\Python313\Lib\asyncio\events.py", line 596, in add_signal_handler
    raise NotImplementedError
NotImplementedError

During handling of the above exception, another exception occurred:

Traceback (most recent call last):
  File "E:\æˆ‘çš„\python\new\Nbot0.4.0 - COPY\model_utils.py", line 20, in _run
    await app.run_task(host=self.host, port=self.port)
  File "C:\Users\dell\AppData\Roaming\Python\Python313\site-packages\hypercorn\asyncio\__init__.py", line 44, in serve
    await worker_serve(
        wrap_app(app, config.wsgi_max_body_size, mode), config, shutdown_trigger=shutdown_trigger
    )
  File "C:\Users\dell\AppData\Roaming\Python\Python313\site-packages\hypercorn\asyncio\run.py", line 76, in worker_serve
    signal.signal(getattr(signal, signal_name), _signal_handler)
    ~~~~~~~~~~~~~^^^^^^^^^^^^^^^^^^^^^^^^^^^^^^^^^^^^^^^^^^^^^^^
  File "E:\Program Files\Python313\Lib\signal.py", line 58, in signal
    handler = _signal.signal(_enum_to_int(signalnum), _enum_to_int(handler))
ValueError: signal only works in main thread of the main interpreter
2025-09-20 18:19:39,956 - __main__ - ERROR - è·å–ç”¨æˆ·å…³ç³»ä¿¡æ¯æ—¶å‡ºé”™: 'user_relationships'
2025-09-20 18:19:40,034 - __main__ - ERROR - è·å–ç›¸å…³è®°å¿†æ—¶å‡ºé”™: 'personal_memories'
2025-09-20 18:19:40,078 - __main__ - ERROR - è·å–è¡¨è¾¾ä¹ æƒ¯æ—¶å‡ºé”™: list indices must be integers or slices, not str
2025-09-20 18:19:40,123 - asyncio - ERROR - Task exception was never retrieved
future: <Task finished name='Task-31' coro=<Server._run() done, defined at E:\æˆ‘çš„\python\new\Nbot0.4.0 - COPY\model_utils.py:17> exception=ValueError('signal only works in main thread of the main interpreter')>
Traceback (most recent call last):
  File "C:\Users\dell\AppData\Roaming\Python\Python313\site-packages\hypercorn\asyncio\run.py", line 73, in worker_serve
    loop.add_signal_handler(getattr(signal, signal_name), _signal_handler)
    ~~~~~~~~~~~~~~~~~~~~~~~^^^^^^^^^^^^^^^^^^^^^^^^^^^^^^^^^^^^^^^^^^^^^^^
  File "E:\Program Files\Python313\Lib\asyncio\events.py", line 596, in add_signal_handler
    raise NotImplementedError
NotImplementedError

During handling of the above exception, another exception occurred:

Traceback (most recent call last):
  File "E:\æˆ‘çš„\python\new\Nbot0.4.0 - COPY\model_utils.py", line 20, in _run
    await app.run_task(host=self.host, port=self.port)
  File "C:\Users\dell\AppData\Roaming\Python\Python313\site-packages\hypercorn\asyncio\__init__.py", line 44, in serve
    await worker_serve(
        wrap_app(app, config.wsgi_max_body_size, mode), config, shutdown_trigger=shutdown_trigger
    )
  File "C:\Users\dell\AppData\Roaming\Python\Python313\site-packages\hypercorn\asyncio\run.py", line 76, in worker_serve
    signal.signal(getattr(signal, signal_name), _signal_handler)
    ~~~~~~~~~~~~~^^^^^^^^^^^^^^^^^^^^^^^^^^^^^^^^^^^^^^^^^^^^^^^
  File "E:\Program Files\Python313\Lib\signal.py", line 58, in signal
    handler = _signal.signal(_enum_to_int(signalnum), _enum_to_int(handler))
ValueError: signal only works in main thread of the main interpreter
2025-09-20 18:19:42,308 - asyncio - ERROR - Task exception was never retrieved
future: <Task finished name='Task-33' coro=<Server._run() done, defined at E:\æˆ‘çš„\python\new\Nbot0.4.0 - COPY\model_utils.py:17> exception=ValueError('signal only works in main thread of the main interpreter')>
Traceback (most recent call last):
  File "C:\Users\dell\AppData\Roaming\Python\Python313\site-packages\hypercorn\asyncio\run.py", line 73, in worker_serve
    loop.add_signal_handler(getattr(signal, signal_name), _signal_handler)
    ~~~~~~~~~~~~~~~~~~~~~~~^^^^^^^^^^^^^^^^^^^^^^^^^^^^^^^^^^^^^^^^^^^^^^^
  File "E:\Program Files\Python313\Lib\asyncio\events.py", line 596, in add_signal_handler
    raise NotImplementedError
NotImplementedError

During handling of the above exception, another exception occurred:

Traceback (most recent call last):
  File "E:\æˆ‘çš„\python\new\Nbot0.4.0 - COPY\model_utils.py", line 20, in _run
    await app.run_task(host=self.host, port=self.port)
  File "C:\Users\dell\AppData\Roaming\Python\Python313\site-packages\hypercorn\asyncio\__init__.py", line 44, in serve
    await worker_serve(
        wrap_app(app, config.wsgi_max_body_size, mode), config, shutdown_trigger=shutdown_trigger
    )
  File "C:\Users\dell\AppData\Roaming\Python\Python313\site-packages\hypercorn\asyncio\run.py", line 76, in worker_serve
    signal.signal(getattr(signal, signal_name), _signal_handler)
    ~~~~~~~~~~~~~^^^^^^^^^^^^^^^^^^^^^^^^^^^^^^^^^^^^^^^^^^^^^^^
  File "E:\Program Files\Python313\Lib\signal.py", line 58, in signal
    handler = _signal.signal(_enum_to_int(signalnum), _enum_to_int(handler))
ValueError: signal only works in main thread of the main interpreter
2025-09-20 18:19:42,635 - asyncio - ERROR - Task exception was never retrieved
future: <Task finished name='Task-37' coro=<Server._run() done, defined at E:\æˆ‘çš„\python\new\Nbot0.4.0 - COPY\model_utils.py:17> exception=ValueError('signal only works in main thread of the main interpreter')>
Traceback (most recent call last):
  File "C:\Users\dell\AppData\Roaming\Python\Python313\site-packages\hypercorn\asyncio\run.py", line 73, in worker_serve
    loop.add_signal_handler(getattr(signal, signal_name), _signal_handler)
    ~~~~~~~~~~~~~~~~~~~~~~~^^^^^^^^^^^^^^^^^^^^^^^^^^^^^^^^^^^^^^^^^^^^^^^
  File "E:\Program Files\Python313\Lib\asyncio\events.py", line 596, in add_signal_handler
    raise NotImplementedError
NotImplementedError

During handling of the above exception, another exception occurred:

Traceback (most recent call last):
  File "E:\æˆ‘çš„\python\new\Nbot0.4.0 - COPY\model_utils.py", line 20, in _run
    await app.run_task(host=self.host, port=self.port)
  File "C:\Users\dell\AppData\Roaming\Python\Python313\site-packages\hypercorn\asyncio\__init__.py", line 44, in serve
    await worker_serve(
        wrap_app(app, config.wsgi_max_body_size, mode), config, shutdown_trigger=shutdown_trigger
    )
  File "C:\Users\dell\AppData\Roaming\Python\Python313\site-packages\hypercorn\asyncio\run.py", line 76, in worker_serve
    signal.signal(getattr(signal, signal_name), _signal_handler)
    ~~~~~~~~~~~~~^^^^^^^^^^^^^^^^^^^^^^^^^^^^^^^^^^^^^^^^^^^^^^^
  File "E:\Program Files\Python313\Lib\signal.py", line 58, in signal
    handler = _signal.signal(_enum_to_int(signalnum), _enum_to_int(handler))
ValueError: signal only works in main thread of the main interpreter
2025-09-20 18:19:44,384 - __main__ - ERROR - ä¿å­˜äº¤äº’è®°å¿†æ—¶å‡ºé”™: 'personal_memories'
2025-09-20 18:26:24,766 - Nbot - INFO - æ¶ˆæ¯å·¥ä½œè€… worker-0 å¼€å§‹
2025-09-20 18:26:24,805 - Nbot - INFO - æ¶ˆæ¯å·¥ä½œè€… worker-1 å¼€å§‹
2025-09-20 18:26:24,809 - Nbot - INFO - æ¶ˆæ¯å·¥ä½œè€… worker-2 å¼€å§‹
2025-09-20 18:26:24,811 - Nbot - INFO - æ¶ˆæ¯å·¥ä½œè€… worker-3 å¼€å§‹
2025-09-20 18:26:24,815 - Nbot - INFO - æ¶ˆæ¯å·¥ä½œè€… worker-4 å¼€å§‹
2025-09-20 18:26:24,819 - Nbot - INFO - å®šæœŸä»»åŠ¡å¼€å§‹
2025-09-20 18:26:24,822 - Nbot - INFO - æ„è¯†å¾ªç¯å¼€å§‹
2025-09-20 18:26:44,199 - Nbot - ERROR - è§£ææ¶ˆæ¯å¤±è´¥: 82 is not a valid MessageType
2025-09-20 18:26:49,819 - Nbot - ERROR - è§£ææ¶ˆæ¯å¤±è´¥: 82 is not a valid MessageType
2025-09-20 18:27:09,696 - Nbot - ERROR - è§£ææ¶ˆæ¯å¤±è´¥: 82 is not a valid MessageType
2025-09-20 18:27:45,122 - Nbot - INFO - æ¶ˆæ¯å·¥ä½œè€… worker-0 å¼€å§‹
2025-09-20 18:27:45,129 - Nbot - INFO - æ¶ˆæ¯å·¥ä½œè€… worker-1 å¼€å§‹
2025-09-20 18:27:45,142 - Nbot - INFO - æ¶ˆæ¯å·¥ä½œè€… worker-2 å¼€å§‹
2025-09-20 18:27:45,156 - Nbot - INFO - æ¶ˆæ¯å·¥ä½œè€… worker-3 å¼€å§‹
2025-09-20 18:27:45,171 - Nbot - INFO - æ¶ˆæ¯å·¥ä½œè€… worker-4 å¼€å§‹
2025-09-20 18:27:45,185 - Nbot - INFO - å®šæœŸä»»åŠ¡å¼€å§‹
2025-09-20 18:27:45,201 - Nbot - INFO - æ„è¯†å¾ªç¯å¼€å§‹
2025-09-20 18:32:44,673 - Nbot - INFO - å½“å‰æ€è€ƒ: å·²ç»5åˆ†é’Ÿæ²¡æœ‰äº’åŠ¨ï¼Œè€ƒè™‘ä¸»åŠ¨äº¤æµ
2025-09-20 18:32:46,721 - hypercorn.error - INFO - Running on http://0.0.0.0:8000 (CTRL + C to quit)
2025-09-20 18:32:51,963 - Nbot - INFO - å½“å‰æ€è€ƒ: å·²ç»5åˆ†é’Ÿæ²¡æœ‰äº’åŠ¨ï¼Œè€ƒè™‘ä¸»åŠ¨äº¤æµ
2025-09-20 18:32:54,341 - Nbot - ERROR - è§£ææ¶ˆæ¯å¤±è´¥: 82 is not a valid MessageType
2025-09-20 18:32:55,883 - Nbot - INFO - å†³å®šä¿æŒæ²‰é»˜
2025-09-20 18:37:44,673 - Nbot - INFO - å½“å‰æ€è€ƒ: æƒ…ç»ªçŠ¶æ€éœ€è¦å›å½’è°ƒæ•´
2025-09-20 18:37:48,686 - Nbot - INFO - å†³å®šä¿æŒæ²‰é»˜
2025-09-20 18:37:48,701 - Nbot - INFO - å½“å‰æ€è€ƒ: æƒ…ç»ªçŠ¶æ€éœ€è¦å›å½’è°ƒæ•´
2025-09-20 18:37:50,463 - Nbot - ERROR - è§£ææ¶ˆæ¯å¤±è´¥: 82 is not a valid MessageType
2025-09-20 18:37:57,440 - Nbot - INFO - æƒ…ç»ªå˜åŒ–: æœ‰ç‚¹å¼€å¿ƒ
2025-09-20 18:42:57,456 - Nbot - INFO - å½“å‰æ€è€ƒ: å·²ç»5åˆ†é’Ÿæ²¡æœ‰äº’åŠ¨ï¼Œè€ƒè™‘ä¸»åŠ¨äº¤æµ
2025-09-20 18:42:57,507 - Nbot - ERROR - è§£ææ¶ˆæ¯å¤±è´¥: 82 is not a valid MessageType
2025-09-20 18:42:57,586 - Nbot - ERROR - è§£ææ¶ˆæ¯å¤±è´¥: 82 is not a valid MessageType
2025-09-20 18:43:01,750 - Nbot - INFO - å†³å®šä¿æŒæ²‰é»˜
2025-09-20 18:47:57,440 - Nbot - INFO - å½“å‰æ€è€ƒ: æƒ…ç»ªçŠ¶æ€éœ€è¦å›å½’è°ƒæ•´
2025-09-20 18:47:57,470 - Nbot - ERROR - è§£ææ¶ˆæ¯å¤±è´¥: 82 is not a valid MessageType
2025-09-20 18:47:57,563 - Nbot - ERROR - è§£ææ¶ˆæ¯å¤±è´¥: 82 is not a valid MessageType
2025-09-20 18:47:57,618 - Nbot - ERROR - è§£ææ¶ˆæ¯å¤±è´¥: 82 is not a valid MessageType
2025-09-20 18:47:57,633 - Nbot - ERROR - è§£ææ¶ˆæ¯å¤±è´¥: 82 is not a valid MessageType
2025-09-20 18:47:57,649 - Nbot - ERROR - è§£ææ¶ˆæ¯å¤±è´¥: 82 is not a valid MessageType
2025-09-20 18:48:01,903 - Nbot - INFO - å†³å®šä¿æŒæ²‰é»˜
2025-09-20 18:48:01,918 - Nbot - INFO - å½“å‰æ€è€ƒ: æƒ…ç»ªçŠ¶æ€éœ€è¦å›å½’è°ƒæ•´
2025-09-20 18:48:05,815 - Nbot - INFO - å†³å®šä¿æŒæ²‰é»˜
2025-09-20 18:48:05,836 - Nbot - INFO - å½“å‰æ€è€ƒ: æƒ…ç»ªçŠ¶æ€éœ€è¦å›å½’è°ƒæ•´
2025-09-20 18:48:10,118 - Nbot - ERROR - è§£ææ¶ˆæ¯å¤±è´¥: 82 is not a valid MessageType
2025-09-20 18:48:11,274 - Nbot - INFO - å†³å®šä¿æŒæ²‰é»˜
2025-09-20 18:48:11,332 - Nbot - INFO - å½“å‰æ€è€ƒ: æƒ…ç»ªçŠ¶æ€éœ€è¦å›å½’è°ƒæ•´
2025-09-20 18:48:17,129 - Nbot - INFO - å†³å®šä¿æŒæ²‰é»˜
2025-09-20 18:48:17,151 - Nbot - INFO - å½“å‰æ€è€ƒ: æƒ…ç»ªçŠ¶æ€éœ€è¦å›å½’è°ƒæ•´
2025-09-20 18:48:20,966 - Nbot - INFO - å†³å®šä¿æŒæ²‰é»˜
2025-09-20 18:48:20,987 - Nbot - INFO - å½“å‰æ€è€ƒ: æƒ…ç»ªçŠ¶æ€éœ€è¦å›å½’è°ƒæ•´
2025-09-20 18:48:24,116 - Nbot - INFO - å†³å®šç­‰å¾…è¢«å«
2025-09-20 18:48:24,139 - Nbot - INFO - å½“å‰æ€è€ƒ: æƒ…ç»ªçŠ¶æ€éœ€è¦å›å½’è°ƒæ•´
2025-09-20 18:48:25,810 - Nbot - ERROR - è§£ææ¶ˆæ¯å¤±è´¥: 12 is not a valid MessageType
2025-09-20 18:48:25,839 - Nbot - ERROR - è§£ææ¶ˆæ¯å¤±è´¥: 12 is not a valid MessageType
2025-09-20 18:48:25,867 - Nbot - ERROR - è§£ææ¶ˆæ¯å¤±è´¥: 12 is not a valid MessageType
2025-09-20 18:48:25,891 - Nbot - ERROR - è§£ææ¶ˆæ¯å¤±è´¥: 12 is not a valid MessageType
2025-09-20 18:48:25,919 - Nbot - ERROR - è§£ææ¶ˆæ¯å¤±è´¥: 12 is not a valid MessageType
2025-09-20 18:48:25,940 - Nbot - ERROR - è§£ææ¶ˆæ¯å¤±è´¥: 12 is not a valid MessageType
2025-09-20 18:48:25,959 - Nbot - ERROR - è§£ææ¶ˆæ¯å¤±è´¥: 12 is not a valid MessageType
2025-09-20 18:48:25,983 - Nbot - ERROR - è§£ææ¶ˆæ¯å¤±è´¥: 12 is not a valid MessageType
2025-09-20 18:48:33,333 - Nbot - ERROR - å‘é€å›å¤å¤±è´¥
2025-09-20 18:48:35,059 - Nbot - INFO - æƒ…ç»ªå˜åŒ–: æœ‰ç‚¹æ‹…å¿ƒ
2025-09-20 18:53:35,095 - Nbot - INFO - å½“å‰æ€è€ƒ: å·²ç»5åˆ†é’Ÿæ²¡æœ‰äº’åŠ¨ï¼Œè€ƒè™‘ä¸»åŠ¨äº¤æµ
2025-09-20 18:53:37,946 - Nbot - ERROR - è§£ææ¶ˆæ¯å¤±è´¥: 82 is not a valid MessageType
2025-09-20 18:53:37,963 - Nbot - ERROR - è§£ææ¶ˆæ¯å¤±è´¥: 82 is not a valid MessageType
2025-09-20 18:53:42,185 - Nbot - INFO - å†³å®šä¿æŒæ²‰é»˜
2025-09-20 18:58:35,059 - Nbot - INFO - å½“å‰æ€è€ƒ: æƒ…ç»ªçŠ¶æ€éœ€è¦å›å½’è°ƒæ•´
2025-09-20 18:58:45,934 - Nbot - INFO - å†³å®šä¿æŒæ²‰é»˜
2025-09-20 18:58:45,945 - Nbot - INFO - å½“å‰æ€è€ƒ: æƒ…ç»ªçŠ¶æ€éœ€è¦å›å½’è°ƒæ•´
2025-09-20 18:58:51,754 - Nbot - INFO - å†³å®šä¿æŒæ²‰é»˜
2025-09-20 18:58:51,768 - Nbot - INFO - å½“å‰æ€è€ƒ: æœ‰2æ¡æ–°æ¶ˆæ¯éœ€è¦å¤„ç†; æƒ…ç»ªçŠ¶æ€éœ€è¦å›å½’è°ƒæ•´
2025-09-20 18:58:57,184 - Nbot - INFO - å†³å®šä¿æŒæ²‰é»˜
2025-09-20 18:58:57,201 - Nbot - INFO - å½“å‰æ€è€ƒ: æƒ…ç»ªçŠ¶æ€éœ€è¦å›å½’è°ƒæ•´
2025-09-20 18:59:01,630 - Nbot - INFO - å†³å®šç­‰å¾…è¢«å«
2025-09-20 18:59:01,647 - Nbot - INFO - å½“å‰æ€è€ƒ: æƒ…ç»ªçŠ¶æ€éœ€è¦å›å½’è°ƒæ•´
2025-09-20 18:59:05,768 - Nbot - ERROR - è§£ææ¶ˆæ¯å¤±è´¥: 82 is not a valid MessageType
2025-09-20 18:59:14,199 - Nbot - INFO - æƒ…ç»ªå˜åŒ–: æœ‰ç‚¹å¥½å¥‡
2025-09-20 18:59:58,233 - Nbot - INFO - æ¶ˆæ¯å·¥ä½œè€… worker-0 å¼€å§‹
2025-09-20 18:59:58,249 - Nbot - INFO - æ¶ˆæ¯å·¥ä½œè€… worker-1 å¼€å§‹
2025-09-20 18:59:58,264 - Nbot - INFO - æ¶ˆæ¯å·¥ä½œè€… worker-2 å¼€å§‹
2025-09-20 18:59:58,280 - Nbot - INFO - å®šæœŸä»»åŠ¡å¼€å§‹
2025-09-20 18:59:58,296 - Nbot - INFO - æ„è¯†å¾ªç¯å¼€å§‹
2025-09-20 19:00:02,347 - hypercorn.error - INFO - Running on http://0.0.0.0:8000 (CTRL + C to quit)
2025-09-20 19:00:02,803 - Nbot - ERROR - è§£ææ¶ˆæ¯å¤±è´¥: 82 is not a valid MessageType
2025-09-20 19:00:05,625 - Nbot - ERROR - è§£ææ¶ˆæ¯å¤±è´¥: 82 is not a valid MessageType
2025-09-20 19:00:08,383 - Nbot - INFO - å†³å®š: no_reply
2025-09-20 19:00:16,391 - Nbot - ERROR - å‘é€å›å¤å¤±è´¥
2025-09-20 19:00:17,964 - Nbot - INFO - æƒ…ç»ªå˜åŒ–: å¾ˆå¼€å¿ƒ
2025-09-20 19:00:24,003 - Nbot - INFO - å†³å®š: no_reply
2025-09-20 19:00:31,573 - Nbot - ERROR - å‘é€å›å¤å¤±è´¥
2025-09-20 19:00:33,416 - Nbot - INFO - æƒ…ç»ªå˜åŒ–: æœ‰ç‚¹å¼€å¿ƒ
2025-09-20 19:00:39,733 - Nbot - INFO - å†³å®š: no_reply
2025-09-20 19:00:48,974 - Nbot - ERROR - å‘é€å›å¤å¤±è´¥
2025-09-20 19:00:50,629 - Nbot - INFO - æƒ…ç»ªå˜åŒ–: æœ‰ç‚¹ç´§å¼ 
2025-09-20 19:00:56,126 - Nbot - INFO - æ¶ˆæ¯å·¥ä½œè€… worker-0 å¼€å§‹
2025-09-20 19:00:56,140 - Nbot - INFO - æ¶ˆæ¯å·¥ä½œè€… worker-1 å¼€å§‹
2025-09-20 19:00:56,153 - Nbot - INFO - æ¶ˆæ¯å·¥ä½œè€… worker-2 å¼€å§‹
2025-09-20 19:00:56,166 - Nbot - INFO - å®šæœŸä»»åŠ¡å¼€å§‹
2025-09-20 19:00:56,179 - Nbot - INFO - æ„è¯†å¾ªç¯å¼€å§‹
2025-09-20 19:00:58,459 - hypercorn.error - INFO - Running on http://0.0.0.0:8000 (CTRL + C to quit)
2025-09-20 19:01:03,738 - Nbot - INFO - å†³å®š: no_reply
2025-09-20 19:01:06,776 - Nbot - INFO - å†³å®š: no_reply
2025-09-20 19:01:10,068 - Nbot - INFO - å†³å®š: no_reply
2025-09-20 19:01:17,370 - Nbot - ERROR - å‘é€å›å¤å¤±è´¥
2025-09-20 19:01:18,970 - Nbot - INFO - æƒ…ç»ªå˜åŒ–: æœ‰ç‚¹å¼€å¿ƒ
2025-09-20 19:01:21,664 - Nbot - INFO - å†³å®š: no_reply
2025-09-20 19:01:27,930 - Nbot - ERROR - å‘é€å›å¤å¤±è´¥
2025-09-20 19:01:29,614 - Nbot - INFO - æƒ…ç»ªå˜åŒ–: æœ‰ç‚¹å¼€å¿ƒ
2025-09-20 19:01:32,032 - Nbot - INFO - å†³å®š: no_reply
2025-09-20 19:01:35,415 - Nbot - INFO - å†³å®š: no_reply
2025-09-20 19:01:40,930 - Nbot - ERROR - å‘é€å›å¤å¤±è´¥
2025-09-20 19:01:42,605 - Nbot - INFO - æƒ…ç»ªå˜åŒ–: æœ‰ç‚¹å…´å¥‹
2025-09-20 19:01:46,955 - Nbot - ERROR - è§£ææ¶ˆæ¯å¤±è´¥: 80 is not a valid MessageType
2025-09-20 19:01:48,067 - Nbot - ERROR - å‘é€å›å¤å¤±è´¥
2025-09-20 19:01:49,724 - Nbot - INFO - æƒ…ç»ªå˜åŒ–: æœ‰ç‚¹å¥½å¥‡
2025-09-20 19:01:54,667 - Nbot - INFO - å†³å®š: no_reply_until_call
2025-09-20 19:01:58,336 - Nbot - INFO - å†³å®š: no_reply
2025-09-20 19:01:58,389 - Nbot - ERROR - è§£ææ¶ˆæ¯å¤±è´¥: 82 is not a valid MessageType
2025-09-20 19:02:03,683 - Nbot - ERROR - å‘é€å›å¤å¤±è´¥
2025-09-20 19:02:05,714 - Nbot - INFO - æƒ…ç»ªå˜åŒ–: æœ‰ç‚¹å¼€å¿ƒ
2025-09-20 19:02:06,021 - Nbot - ERROR - è§£ææ¶ˆæ¯å¤±è´¥: 82 is not a valid MessageType
2025-09-20 19:02:08,380 - Nbot - INFO - å†³å®š: no_reply
2025-09-20 19:02:11,131 - Nbot - INFO - å†³å®š: no_reply
2025-09-20 19:02:21,672 - Nbot - ERROR - è§£ææ¶ˆæ¯å¤±è´¥: 12 is not a valid MessageType
2025-09-20 19:02:23,685 - Nbot - INFO - æƒ…ç»ªå˜åŒ–: æœ‰ç‚¹å¼€å¿ƒ
2025-09-20 19:02:30,093 - Nbot - INFO - å†³å®š: no_reply_until_call
2025-09-20 19:02:34,503 - Nbot - INFO - å†³å®š: no_reply_until_call
2025-09-20 19:02:38,833 - Nbot - INFO - å†³å®š: no_reply_until_call
2025-09-20 19:02:42,899 - Nbot - INFO - å†³å®š: no_reply
2025-09-20 19:02:47,851 - Nbot - INFO - å†³å®š: no_reply
2025-09-20 19:02:52,451 - Nbot - INFO - å†³å®š: no_reply
2025-09-20 19:02:56,316 - Nbot - INFO - å†³å®š: no_reply
2025-09-20 19:02:59,973 - Nbot - INFO - å†³å®š: no_reply_until_call
2025-09-20 19:03:04,347 - Nbot - INFO - å†³å®š: no_reply_until_call
2025-09-20 19:03:09,585 - Nbot - ERROR - è§£ææ¶ˆæ¯å¤±è´¥: 82 is not a valid MessageType
2025-09-20 19:03:12,009 - Nbot - ERROR - å‘é€å›å¤å¤±è´¥
2025-09-20 19:03:14,219 - Nbot - INFO - æƒ…ç»ªå˜åŒ–: å¾ˆå¼€å¿ƒ
2025-09-20 19:03:20,399 - Nbot - INFO - å†³å®š: no_reply
2025-09-20 19:03:28,401 - Nbot - INFO - å†³å®š: no_reply_until_call
2025-09-20 19:03:31,898 - Nbot - INFO - å†³å®š: no_reply
2025-09-20 19:03:32,782 - Nbot - ERROR - è§£ææ¶ˆæ¯å¤±è´¥: 82 is not a valid MessageType
2025-09-20 19:03:36,906 - Nbot - INFO - å†³å®š: no_reply_until_call
2025-09-20 19:03:37,797 - Nbot - ERROR - è§£ææ¶ˆæ¯å¤±è´¥: 82 is not a valid MessageType
2025-09-20 19:03:41,082 - Nbot - INFO - å†³å®š: no_reply
2025-09-20 19:03:43,627 - Nbot - ERROR - è§£ææ¶ˆæ¯å¤±è´¥: 82 is not a valid MessageType
2025-09-20 19:03:45,604 - Nbot - INFO - å†³å®š: no_reply
2025-09-20 19:03:49,646 - Nbot - ERROR - è§£ææ¶ˆæ¯å¤±è´¥: 82 is not a valid MessageType
2025-09-20 19:03:51,833 - Nbot - INFO - å†³å®š: no_reply_until_call
2025-09-20 19:04:06,618 - Nbot - ERROR - è§£ææ¶ˆæ¯å¤±è´¥: 82 is not a valid MessageType
2025-09-20 19:04:11,138 - Nbot - ERROR - è§£ææ¶ˆæ¯å¤±è´¥: 12 is not a valid MessageType
2025-09-20 19:04:22,302 - Nbot - ERROR - è§£ææ¶ˆæ¯å¤±è´¥: 81 is not a valid MessageType
2025-09-20 19:04:31,142 - Nbot - ERROR - å‘é€å›å¤å¤±è´¥
2025-09-20 19:04:35,716 - Nbot - INFO - æƒ…ç»ªå˜åŒ–: æœ‰ç‚¹å…´å¥‹
2025-09-20 19:04:49,687 - Nbot - ERROR - è§£ææ¶ˆæ¯å¤±è´¥: 82 is not a valid MessageType
2025-09-20 19:05:07,550 - Nbot - ERROR - è§£ææ¶ˆæ¯å¤±è´¥: 82 is not a valid MessageType
2025-09-20 19:05:14,138 - Nbot - ERROR - å‘é€å›å¤å¤±è´¥
2025-09-20 19:05:18,900 - Nbot - INFO - æƒ…ç»ªå˜åŒ–: è¢«çªç„¶çš„å‘è¨€å“äº†ä¸€è·³ï¼Œå¿ƒè·³åŠ é€Ÿï¼Œæ‰‹å¿™è„šä¹±åœ°å·®ç‚¹æ‰“ç¿»å¥¶èŒ¶ï¼ŒçœŸæ˜¯è¢«è¿™çªå¦‚å…¶æ¥çš„æƒŠå“æå¾—æœ‰äº›æ…Œå¼ å‘¢ã€‚
2025-09-20 19:05:25,248 - Nbot - INFO - å†³å®š: no_reply
2025-09-20 19:05:29,934 - Nbot - ERROR - è§£ææ¶ˆæ¯å¤±è´¥: 82 is not a valid MessageType
2025-09-20 19:05:31,136 - Nbot - INFO - å†³å®š: no_reply_until_call
2025-09-20 19:06:10,136 - Nbot - ERROR - å‘é€å›å¤å¤±è´¥
2025-09-20 19:06:13,609 - Nbot - ERROR - è§£ææ¶ˆæ¯å¤±è´¥: 82 is not a valid MessageType
2025-09-20 19:06:13,928 - Nbot - INFO - æƒ…ç»ªå˜åŒ–: æœ‰ç‚¹å¼€å¿ƒ
2025-09-20 19:06:24,412 - Nbot - ERROR - å‘é€å›å¤å¤±è´¥
2025-09-20 19:06:26,850 - Nbot - INFO - æƒ…ç»ªå˜åŒ–: æœ‰ç‚¹æ— å¥ˆ
2025-09-20 19:06:34,457 - Nbot - ERROR - å‘é€å›å¤å¤±è´¥
2025-09-20 19:06:37,357 - Nbot - INFO - æƒ…ç»ªå˜åŒ–: æœ‰ç‚¹æ— å¥ˆ
2025-09-20 19:07:17,136 - Nbot - ERROR - å‘é€å›å¤å¤±è´¥
2025-09-20 19:07:21,396 - Nbot - INFO - æƒ…ç»ªå˜åŒ–: æœ‰ç‚¹æ— å¥ˆ
2025-09-20 19:07:24,018 - Nbot - ERROR - è§£ææ¶ˆæ¯å¤±è´¥: 82 is not a valid MessageType
2025-09-20 19:07:37,253 - Nbot - ERROR - è§£ææ¶ˆæ¯å¤±è´¥: 82 is not a valid MessageType
2025-09-20 19:07:45,981 - Nbot - ERROR - è§£ææ¶ˆæ¯å¤±è´¥: 82 is not a valid MessageType
2025-09-20 19:07:46,322 - Nbot - ERROR - è§£ææ¶ˆæ¯å¤±è´¥: 12 is not a valid MessageType
2025-09-20 19:07:46,346 - Nbot - ERROR - è§£ææ¶ˆæ¯å¤±è´¥: 12 is not a valid MessageType
2025-09-20 19:07:46,369 - Nbot - ERROR - è§£ææ¶ˆæ¯å¤±è´¥: 12 is not a valid MessageType
2025-09-20 19:07:46,390 - Nbot - ERROR - è§£ææ¶ˆæ¯å¤±è´¥: 12 is not a valid MessageType
2025-09-20 19:07:46,413 - Nbot - ERROR - è§£ææ¶ˆæ¯å¤±è´¥: 12 is not a valid MessageType
2025-09-20 19:07:46,434 - Nbot - ERROR - è§£ææ¶ˆæ¯å¤±è´¥: 12 is not a valid MessageType
2025-09-20 19:07:46,453 - Nbot - ERROR - è§£ææ¶ˆæ¯å¤±è´¥: 12 is not a valid MessageType
2025-09-20 19:07:46,479 - Nbot - ERROR - è§£ææ¶ˆæ¯å¤±è´¥: 12 is not a valid MessageType
2025-09-20 19:07:46,505 - Nbot - ERROR - è§£ææ¶ˆæ¯å¤±è´¥: 12 is not a valid MessageType
2025-09-20 19:07:46,525 - Nbot - ERROR - è§£ææ¶ˆæ¯å¤±è´¥: 12 is not a valid MessageType
2025-09-20 19:07:46,733 - Nbot - ERROR - è§£ææ¶ˆæ¯å¤±è´¥: 12 is not a valid MessageType
2025-09-20 19:07:46,801 - Nbot - ERROR - è§£ææ¶ˆæ¯å¤±è´¥: 12 is not a valid MessageType
2025-09-20 19:07:46,818 - Nbot - ERROR - è§£ææ¶ˆæ¯å¤±è´¥: 12 is not a valid MessageType
2025-09-20 19:07:46,838 - Nbot - ERROR - è§£ææ¶ˆæ¯å¤±è´¥: 12 is not a valid MessageType
2025-09-20 19:07:46,855 - Nbot - ERROR - è§£ææ¶ˆæ¯å¤±è´¥: 12 is not a valid MessageType
2025-09-20 19:07:46,872 - Nbot - ERROR - è§£ææ¶ˆæ¯å¤±è´¥: 12 is not a valid MessageType
2025-09-20 19:07:46,889 - Nbot - ERROR - è§£ææ¶ˆæ¯å¤±è´¥: 12 is not a valid MessageType
2025-09-20 19:07:46,905 - Nbot - ERROR - è§£ææ¶ˆæ¯å¤±è´¥: 12 is not a valid MessageType
2025-09-20 19:07:46,922 - Nbot - ERROR - è§£ææ¶ˆæ¯å¤±è´¥: 12 is not a valid MessageType
2025-09-20 19:07:46,937 - Nbot - ERROR - è§£ææ¶ˆæ¯å¤±è´¥: 12 is not a valid MessageType
2025-09-20 19:07:46,954 - Nbot - ERROR - è§£ææ¶ˆæ¯å¤±è´¥: 12 is not a valid MessageType
2025-09-20 19:07:46,972 - Nbot - ERROR - è§£ææ¶ˆæ¯å¤±è´¥: 12 is not a valid MessageType
2025-09-20 19:07:46,987 - Nbot - ERROR - è§£ææ¶ˆæ¯å¤±è´¥: 12 is not a valid MessageType
2025-09-20 19:08:00,128 - Nbot - ERROR - å‘é€å›å¤å¤±è´¥
2025-09-20 19:08:03,868 - Nbot - INFO - æƒ…ç»ªå˜åŒ–: æœ‰ç‚¹å¥½å¥‡
2025-09-20 19:08:04,968 - Nbot - ERROR - è§£ææ¶ˆæ¯å¤±è´¥: 82 is not a valid MessageType
2025-09-20 19:08:06,075 - Nbot - ERROR - è§£ææ¶ˆæ¯å¤±è´¥: 82 is not a valid MessageType
2025-09-20 19:08:06,378 - Nbot - ERROR - è§£ææ¶ˆæ¯å¤±è´¥: 82 is not a valid MessageType
2025-09-20 19:08:10,344 - Nbot - INFO - å†³å®š: no_reply_until_call
2025-09-20 19:08:11,427 - Nbot - ERROR - è§£ææ¶ˆæ¯å¤±è´¥: 82 is not a valid MessageType
2025-09-20 19:08:11,731 - Nbot - ERROR - è§£ææ¶ˆæ¯å¤±è´¥: 82 is not a valid MessageType
2025-09-20 19:08:14,135 - Nbot - ERROR - è§£ææ¶ˆæ¯å¤±è´¥: 82 is not a valid MessageType
2025-09-20 19:08:14,437 - Nbot - ERROR - è§£ææ¶ˆæ¯å¤±è´¥: 82 is not a valid MessageType
2025-09-20 19:08:16,457 - Nbot - INFO - å†³å®š: no_reply_until_call
2025-09-20 19:08:17,756 - Nbot - ERROR - è§£ææ¶ˆæ¯å¤±è´¥: 82 is not a valid MessageType
2025-09-20 19:08:20,253 - Nbot - ERROR - è§£ææ¶ˆæ¯å¤±è´¥: 82 is not a valid MessageType
2025-09-20 19:08:22,234 - Nbot - INFO - å†³å®š: no_reply_until_call
2025-09-20 19:08:24,872 - Nbot - ERROR - è§£ææ¶ˆæ¯å¤±è´¥: 82 is not a valid MessageType
2025-09-20 19:08:25,075 - Nbot - ERROR - è§£ææ¶ˆæ¯å¤±è´¥: 82 is not a valid MessageType
2025-09-20 19:08:25,374 - Nbot - ERROR - è§£ææ¶ˆæ¯å¤±è´¥: 82 is not a valid MessageType
2025-09-20 19:09:02,136 - Nbot - ERROR - å‘é€å›å¤å¤±è´¥
2025-09-20 19:09:04,803 - Nbot - ERROR - è§£ææ¶ˆæ¯å¤±è´¥: 82 is not a valid MessageType
2025-09-20 19:09:05,851 - Nbot - INFO - æƒ…ç»ªå˜åŒ–: æœ‰ç‚¹å¥½å¥‡
2025-09-20 19:09:11,518 - Nbot - INFO - å†³å®š: no_reply
2025-09-20 19:09:49,447 - Nbot - ERROR - è§£ææ¶ˆæ¯å¤±è´¥: 12 is not a valid MessageType
2025-09-20 19:09:52,137 - Nbot - ERROR - å‘é€å›å¤å¤±è´¥
2025-09-20 19:09:56,103 - Nbot - INFO - æƒ…ç»ªå˜åŒ–: æœ‰ç‚¹å…´å¥‹
2025-09-20 19:10:01,287 - Nbot - INFO - å†³å®š: no_reply
2025-09-20 19:10:06,627 - Nbot - INFO - å†³å®š: no_reply
2025-09-20 19:10:13,162 - Nbot - ERROR - è§£ææ¶ˆæ¯å¤±è´¥: 82 is not a valid MessageType
2025-09-20 19:10:21,998 - Nbot - ERROR - è§£ææ¶ˆæ¯å¤±è´¥: 82 is not a valid MessageType
2025-09-20 19:10:34,345 - Nbot - ERROR - è§£ææ¶ˆæ¯å¤±è´¥: 12 is not a valid MessageType
2025-09-20 19:10:34,403 - Nbot - ERROR - è§£ææ¶ˆæ¯å¤±è´¥: 12 is not a valid MessageType
2025-09-20 19:10:34,427 - Nbot - ERROR - è§£ææ¶ˆæ¯å¤±è´¥: 12 is not a valid MessageType
2025-09-20 19:10:34,470 - Nbot - ERROR - è§£ææ¶ˆæ¯å¤±è´¥: 12 is not a valid MessageType
2025-09-20 19:10:34,491 - Nbot - ERROR - è§£ææ¶ˆæ¯å¤±è´¥: 12 is not a valid MessageType
2025-09-20 19:10:46,133 - Nbot - ERROR - å‘é€å›å¤å¤±è´¥
2025-09-20 19:10:49,828 - Nbot - INFO - æƒ…ç»ªå˜åŒ–: æœ‰ç‚¹å®³ç¾
2025-09-20 19:10:52,304 - Nbot - ERROR - è§£ææ¶ˆæ¯å¤±è´¥: 82 is not a valid MessageType
2025-09-20 19:10:54,306 - Nbot - ERROR - è§£ææ¶ˆæ¯å¤±è´¥: 82 is not a valid MessageType
2025-09-20 19:10:55,801 - Nbot - INFO - å†³å®š: no_reply
2025-09-20 19:10:59,719 - Nbot - INFO - å†³å®š: no_reply
2025-09-20 19:11:07,541 - Nbot - INFO - å†³å®š: no_reply
2025-09-20 19:11:10,370 - Nbot - ERROR - è§£ææ¶ˆæ¯å¤±è´¥: 82 is not a valid MessageType
2025-09-20 19:11:12,562 - Nbot - INFO - å†³å®š: no_reply
2025-09-20 19:11:16,986 - Nbot - ERROR - è§£ææ¶ˆæ¯å¤±è´¥: 82 is not a valid MessageType
2025-09-20 19:11:19,475 - Nbot - INFO - å†³å®š: no_reply_until_call
2025-09-20 19:11:23,912 - Nbot - INFO - å†³å®š: no_reply
2025-09-20 19:11:28,322 - Nbot - INFO - å†³å®š: no_reply
2025-09-20 19:12:08,130 - Nbot - ERROR - å‘é€å›å¤å¤±è´¥
2025-09-20 19:12:11,419 - Nbot - ERROR - è§£ææ¶ˆæ¯å¤±è´¥: 82 is not a valid MessageType
2025-09-20 19:12:12,505 - Nbot - INFO - æƒ…ç»ªå˜åŒ–: æœ‰ç‚¹ç´§å¼ 
2025-09-20 19:12:18,958 - Nbot - INFO - å†³å®š: no_reply
2025-09-20 19:12:23,967 - Nbot - INFO - å†³å®š: no_reply
2025-09-20 19:12:25,517 - Nbot - ERROR - è§£ææ¶ˆæ¯å¤±è´¥: 82 is not a valid MessageType
2025-09-20 19:12:25,539 - Nbot - ERROR - è§£ææ¶ˆæ¯å¤±è´¥: 82 is not a valid MessageType
2025-09-20 19:12:30,583 - Nbot - INFO - å†³å®š: no_reply_until_call
2025-09-20 19:12:34,347 - Nbot - INFO - å†³å®š: no_reply
2025-09-20 19:12:36,873 - Nbot - ERROR - è§£ææ¶ˆæ¯å¤±è´¥: 82 is not a valid MessageType
2025-09-20 19:12:37,373 - Nbot - ERROR - è§£ææ¶ˆæ¯å¤±è´¥: 82 is not a valid MessageType
2025-09-20 19:12:39,031 - Nbot - INFO - å†³å®š: no_reply
2025-09-20 19:12:44,331 - Nbot - INFO - å†³å®š: no_reply
2025-09-20 19:12:44,415 - Nbot - ERROR - è§£ææ¶ˆæ¯å¤±è´¥: 82 is not a valid MessageType
2025-09-20 19:12:44,903 - Nbot - ERROR - è§£ææ¶ˆæ¯å¤±è´¥: 82 is not a valid MessageType
2025-09-20 19:12:51,835 - Nbot - ERROR - è§£ææ¶ˆæ¯å¤±è´¥: 82 is not a valid MessageType
2025-09-20 19:12:54,633 - Nbot - INFO - å†³å®š: no_reply_until_call
2025-09-20 19:12:59,651 - Nbot - INFO - å†³å®š: no_reply
2025-09-20 19:13:04,274 - Nbot - ERROR - è§£ææ¶ˆæ¯å¤±è´¥: 12 is not a valid MessageType
2025-09-20 19:13:04,295 - Nbot - ERROR - è§£ææ¶ˆæ¯å¤±è´¥: 12 is not a valid MessageType
2025-09-20 19:13:04,318 - Nbot - ERROR - è§£ææ¶ˆæ¯å¤±è´¥: 12 is not a valid MessageType
2025-09-20 19:13:04,348 - Nbot - ERROR - è§£ææ¶ˆæ¯å¤±è´¥: 12 is not a valid MessageType
2025-09-20 19:13:04,370 - Nbot - ERROR - è§£ææ¶ˆæ¯å¤±è´¥: 12 is not a valid MessageType
2025-09-20 19:13:04,388 - Nbot - ERROR - è§£ææ¶ˆæ¯å¤±è´¥: 12 is not a valid MessageType
2025-09-20 19:13:04,405 - Nbot - ERROR - è§£ææ¶ˆæ¯å¤±è´¥: 12 is not a valid MessageType
2025-09-20 19:13:04,442 - Nbot - ERROR - è§£ææ¶ˆæ¯å¤±è´¥: 12 is not a valid MessageType
2025-09-20 19:13:04,778 - Nbot - INFO - å†³å®š: no_reply
2025-09-20 19:13:10,108 - Nbot - ERROR - è§£ææ¶ˆæ¯å¤±è´¥: 82 is not a valid MessageType
2025-09-20 19:13:10,462 - Nbot - INFO - å†³å®š: no_reply
2025-09-20 19:13:14,650 - Nbot - INFO - å†³å®š: no_reply
2025-09-20 19:13:26,470 - Nbot - ERROR - è§£ææ¶ˆæ¯å¤±è´¥: 82 is not a valid MessageType
2025-09-20 19:13:36,920 - Nbot - ERROR - è§£ææ¶ˆæ¯å¤±è´¥: 82 is not a valid MessageType
2025-09-20 19:13:55,144 - Nbot - ERROR - å‘é€å›å¤å¤±è´¥
2025-09-20 19:13:58,744 - Nbot - INFO - æƒ…ç»ªå˜åŒ–: æœ‰ç‚¹å¼€å¿ƒ
2025-09-20 19:14:02,663 - Nbot - INFO - å†³å®š: no_reply
2025-09-20 19:14:07,240 - Nbot - INFO - å†³å®š: no_reply
2025-09-20 19:14:14,134 - Nbot - INFO - å†³å®š: no_reply
2025-09-20 19:14:19,166 - Nbot - INFO - å†³å®š: no_reply
2025-09-20 19:14:22,399 - Nbot - INFO - å†³å®š: no_reply
2025-09-20 19:14:23,806 - Nbot - ERROR - è§£ææ¶ˆæ¯å¤±è´¥: 82 is not a valid MessageType
2025-09-20 19:14:26,823 - Nbot - INFO - å†³å®š: no_reply
2025-09-20 19:14:35,477 - Nbot - ERROR - è§£ææ¶ˆæ¯å¤±è´¥: 12 is not a valid MessageType
2025-09-20 19:15:06,133 - Nbot - ERROR - å‘é€å›å¤å¤±è´¥
2025-09-20 19:15:10,199 - Nbot - INFO - æƒ…ç»ªå˜åŒ–: æœ‰ç‚¹å›°æƒ‘
2025-09-20 19:15:14,121 - Nbot - INFO - å†³å®š: no_reply
2025-09-20 19:15:18,184 - Nbot - INFO - å†³å®š: no_reply
2025-09-20 19:15:23,245 - Nbot - INFO - å†³å®š: no_reply
2025-09-20 19:15:27,687 - Nbot - INFO - å†³å®š: no_reply_until_call
2025-09-20 19:15:31,887 - Nbot - INFO - å†³å®š: no_reply
2025-09-20 19:15:35,997 - Nbot - INFO - å†³å®š: no_reply
2025-09-20 19:15:39,904 - Nbot - INFO - å†³å®š: no_reply
2025-09-20 19:15:43,577 - Nbot - INFO - å†³å®š: no_reply
2025-09-20 19:16:23,140 - Nbot - ERROR - å‘é€å›å¤å¤±è´¥
2025-09-20 19:16:28,766 - Nbot - INFO - æƒ…ç»ªå˜åŒ–: #å…´å¥‹; #æœŸå¾…; #æ¿€åŠ¨;
2025-09-20 19:16:33,488 - Nbot - INFO - å†³å®š: no_reply_until_call
2025-09-20 19:17:12,136 - Nbot - ERROR - å‘é€å›å¤å¤±è´¥
2025-09-20 19:17:15,611 - Nbot - INFO - æƒ…ç»ªå˜åŒ–: æœ‰ç‚¹å¼€å¿ƒ
2025-09-20 19:17:20,183 - Nbot - INFO - å†³å®š: no_reply_until_call
2025-09-20 19:17:36,387 - Nbot - ERROR - è§£ææ¶ˆæ¯å¤±è´¥: 82 is not a valid MessageType
2025-09-20 19:18:01,137 - Nbot - ERROR - å‘é€å›å¤å¤±è´¥
2025-09-20 19:18:04,697 - Nbot - INFO - æƒ…ç»ªå˜åŒ–: #å¥½å¥‡
2025-09-20 19:18:26,405 - Nbot - ERROR - è§£ææ¶ˆæ¯å¤±è´¥: 82 is not a valid MessageType
2025-09-20 19:18:28,817 - Nbot - ERROR - è§£ææ¶ˆæ¯å¤±è´¥: 82 is not a valid MessageType
2025-09-20 19:18:44,134 - Nbot - ERROR - å‘é€å›å¤å¤±è´¥
2025-09-20 19:18:48,334 - Nbot - INFO - æƒ…ç»ªå˜åŒ–: æœ‰ç‚¹å¥½å¥‡
2025-09-20 19:18:52,322 - Nbot - ERROR - è§£ææ¶ˆæ¯å¤±è´¥: 82 is not a valid MessageType
2025-09-20 20:33:56,952 - __main__ - INFO - ÒÑ¼ÓÔØ 0 ¸öÓÃ»§µÄ¼ÇÒäÊı¾İ
2025-09-20 20:34:00,634 - __main__ - ERROR - ÇéĞ÷µ÷½ÚÊ§°Ü: 'PromptBuilder' object has no attribute 'build_mood_regress_prompt'
2025-09-20 20:34:02,724 - __main__ - ERROR - ÇéĞ÷µ÷½ÚÊ§°Ü: 'PromptBuilder' object has no attribute 'build_mood_regress_prompt'
2025-09-20 20:34:04,800 - __main__ - ERROR - ÇéĞ÷µ÷½ÚÊ§°Ü: 'PromptBuilder' object has no attribute 'build_mood_regress_prompt'
2025-09-20 20:34:06,873 - __main__ - ERROR - ÇéĞ÷µ÷½ÚÊ§°Ü: 'PromptBuilder' object has no attribute 'build_mood_regress_prompt'
2025-09-20 20:34:08,961 - __main__ - ERROR - ÇéĞ÷µ÷½ÚÊ§°Ü: 'PromptBuilder' object has no attribute 'build_mood_regress_prompt'
2025-09-20 20:34:10,997 - __main__ - ERROR - ÇéĞ÷µ÷½ÚÊ§°Ü: 'PromptBuilder' object has no attribute 'build_mood_regress_prompt'
2025-09-20 20:34:13,031 - __main__ - ERROR - ÇéĞ÷µ÷½ÚÊ§°Ü: 'PromptBuilder' object has no attribute 'build_mood_regress_prompt'
2025-09-20 20:34:15,120 - __main__ - ERROR - ÇéĞ÷µ÷½ÚÊ§°Ü: 'PromptBuilder' object has no attribute 'build_mood_regress_prompt'
2025-09-20 20:34:17,157 - __main__ - ERROR - ÇéĞ÷µ÷½ÚÊ§°Ü: 'PromptBuilder' object has no attribute 'build_mood_regress_prompt'
2025-09-20 20:34:19,191 - __main__ - ERROR - ÇéĞ÷µ÷½ÚÊ§°Ü: 'PromptBuilder' object has no attribute 'build_mood_regress_prompt'
2025-09-20 20:34:21,267 - __main__ - ERROR - ÇéĞ÷µ÷½ÚÊ§°Ü: 'PromptBuilder' object has no attribute 'build_mood_regress_prompt'
2025-09-20 20:34:23,321 - __main__ - ERROR - ÇéĞ÷µ÷½ÚÊ§°Ü: 'PromptBuilder' object has no attribute 'build_mood_regress_prompt'
2025-09-20 20:34:25,422 - __main__ - ERROR - ÇéĞ÷µ÷½ÚÊ§°Ü: 'PromptBuilder' object has no attribute 'build_mood_regress_prompt'
2025-09-20 20:34:27,490 - __main__ - ERROR - ÇéĞ÷µ÷½ÚÊ§°Ü: 'PromptBuilder' object has no attribute 'build_mood_regress_prompt'
2025-09-20 20:34:29,546 - __main__ - ERROR - ÇéĞ÷µ÷½ÚÊ§°Ü: 'PromptBuilder' object has no attribute 'build_mood_regress_prompt'
2025-09-20 20:34:31,587 - __main__ - ERROR - ÇéĞ÷µ÷½ÚÊ§°Ü: 'PromptBuilder' object has no attribute 'build_mood_regress_prompt'
2025-09-20 20:34:33,623 - __main__ - ERROR - ÇéĞ÷µ÷½ÚÊ§°Ü: 'PromptBuilder' object has no attribute 'build_mood_regress_prompt'
2025-09-20 20:34:35,650 - __main__ - ERROR - ÇéĞ÷µ÷½ÚÊ§°Ü: 'PromptBuilder' object has no attribute 'build_mood_regress_prompt'
2025-09-20 20:34:37,672 - __main__ - ERROR - ÇéĞ÷µ÷½ÚÊ§°Ü: 'PromptBuilder' object has no attribute 'build_mood_regress_prompt'
2025-09-20 20:34:39,760 - __main__ - ERROR - ÇéĞ÷µ÷½ÚÊ§°Ü: 'PromptBuilder' object has no attribute 'build_mood_regress_prompt'
2025-09-20 20:34:41,797 - __main__ - ERROR - ÇéĞ÷µ÷½ÚÊ§°Ü: 'PromptBuilder' object has no attribute 'build_mood_regress_prompt'
2025-09-20 20:34:43,834 - __main__ - ERROR - ÇéĞ÷µ÷½ÚÊ§°Ü: 'PromptBuilder' object has no attribute 'build_mood_regress_prompt'
2025-09-20 20:34:45,880 - __main__ - ERROR - ÇéĞ÷µ÷½ÚÊ§°Ü: 'PromptBuilder' object has no attribute 'build_mood_regress_prompt'
2025-09-20 20:34:47,970 - __main__ - ERROR - ÇéĞ÷µ÷½ÚÊ§°Ü: 'PromptBuilder' object has no attribute 'build_mood_regress_prompt'
2025-09-20 20:34:50,044 - __main__ - ERROR - ÇéĞ÷µ÷½ÚÊ§°Ü: 'PromptBuilder' object has no attribute 'build_mood_regress_prompt'
2025-09-20 20:34:52,094 - __main__ - ERROR - ÇéĞ÷µ÷½ÚÊ§°Ü: 'PromptBuilder' object has no attribute 'build_mood_regress_prompt'
2025-09-20 20:34:56,192 - hypercorn.error - INFO - Running on http://0.0.0.0:8000 (CTRL + C to quit)
2025-09-20 20:35:44,646 - __main__ - ERROR - ¼ÇÒä¼¤»îÊ§°Ü: 'PromptBuilder' object has no attribute 'build_memory_activator_prompt'
2025-09-20 20:39:06,073 - __main__ - INFO - ÒÑ¼ÓÔØ 2 ¸öÓÃ»§µÄ¼ÇÒäÊı¾İ
2025-09-20 20:39:06,130 - __main__ - INFO - ÒÑ¼ÓÔØNbot×´Ì¬Êı¾İ
2025-09-20 20:39:10,847 - hypercorn.error - INFO - Running on http://0.0.0.0:8000 (CTRL + C to quit)
2025-09-20 20:40:35,022 - __main__ - INFO - ÒÑ¼ÓÔØ 2 ¸öÓÃ»§µÄ¼ÇÒäÊı¾İ
2025-09-20 20:40:35,051 - __main__ - INFO - ÒÑ¼ÓÔØNbot×´Ì¬Êı¾İ
2025-09-20 20:41:23,680 - __main__ - INFO - ÒÑ¼ÓÔØ 2 ¸öÓÃ»§µÄ¼ÇÒäÊı¾İ
2025-09-20 20:41:23,699 - __main__ - INFO - ÒÑ¼ÓÔØNbot×´Ì¬Êı¾İ
2025-09-20 20:41:25,975 - hypercorn.error - INFO - Running on http://0.0.0.0:8000 (CTRL + C to quit)
2025-09-21 00:08:50,861 - __main__ - INFO - ÒÑ¼ÓÔØ 5 ¸öÓÃ»§µÄ¼ÇÒäÊı¾İ
2025-09-21 00:08:50,911 - __main__ - INFO - ÒÑ¼ÓÔØNbot×´Ì¬Êı¾İ
2025-09-21 00:08:53,334 - hypercorn.error - INFO - Running on http://0.0.0.0:8000 (CTRL + C to quit)
